974  [background-preinit] INFO  o.h.validator.internal.util.Version - HV000001: Hibernate Validator 6.1.7.Final
2291 [main] INFO  o.s.c.a.n.c.NacosPropertySourceBuilder - Loading nacos data, dataId: 'provider-dev.yml', group: 'DEFAULT_GROUP'
2307 [main] INFO  o.s.c.b.c.PropertySourceBootstrapConfiguration - Located property source: [BootstrapPropertySource {name='bootstrapProperties-provider-dev.yml'}, BootstrapPropertySource {name='bootstrapProperties-provider.yml'}]
2324 [main] INFO  c.chengming.WareServiceApplication - The following profiles are active: dev
3419 [main] INFO  o.s.d.r.c.RepositoryConfigurationDelegate - Multiple Spring Data modules found, entering strict repository configuration mode!
3422 [main] INFO  o.s.d.r.c.RepositoryConfigurationDelegate - Bootstrapping Spring Data Redis repositories in DEFAULT mode.
3446 [main] INFO  o.s.d.r.c.RepositoryConfigurationDelegate - Finished Spring Data repository scanning in 6 ms. Found 0 Redis repository interfaces.
3946 [main] WARN  o.m.s.mapper.ClassPathMapperScanner - No MyBatis mapper was found in '[com.cm.mapper]' package. Please check your configuration.
3970 [main] INFO  o.s.c.context.scope.GenericScope - BeanFactory id=81e54f7e-c79b-3403-8653-e25cb1711ee2
4335 [main] INFO  o.s.c.s.PostProcessorRegistrationDelegate$BeanPostProcessorChecker - Bean 'org.springframework.cloud.client.loadbalancer.reactive.LoadBalancerBeanPostProcessorAutoConfiguration' of type [org.springframework.cloud.client.loadbalancer.reactive.LoadBalancerBeanPostProcessorAutoConfiguration] is not eligible for getting processed by all BeanPostProcessors (for example: not eligible for auto-proxying)
4338 [main] INFO  o.s.c.s.PostProcessorRegistrationDelegate$BeanPostProcessorChecker - Bean 'org.springframework.cloud.client.loadbalancer.reactive.LoadBalancerBeanPostProcessorAutoConfiguration$ReactorDeferringLoadBalancerFilterConfig' of type [org.springframework.cloud.client.loadbalancer.reactive.LoadBalancerBeanPostProcessorAutoConfiguration$ReactorDeferringLoadBalancerFilterConfig] is not eligible for getting processed by all BeanPostProcessors (for example: not eligible for auto-proxying)
4341 [main] INFO  o.s.c.s.PostProcessorRegistrationDelegate$BeanPostProcessorChecker - Bean 'reactorDeferringLoadBalancerExchangeFilterFunction' of type [org.springframework.cloud.client.loadbalancer.reactive.DeferringLoadBalancerExchangeFilterFunction] is not eligible for getting processed by all BeanPostProcessors (for example: not eligible for auto-proxying)
4667 [main] INFO  o.s.b.w.e.tomcat.TomcatWebServer - Tomcat initialized with port(s): 9102 (http)
4677 [main] INFO  o.a.coyote.http11.Http11NioProtocol - Initializing ProtocolHandler ["http-nio-9102"]
4678 [main] INFO  o.a.catalina.core.StandardService - Starting service [Tomcat]
4678 [main] INFO  o.a.catalina.core.StandardEngine - Starting Servlet engine: [Apache Tomcat/9.0.44]
4773 [main] INFO  o.a.c.c.C.[Tomcat].[localhost].[/] - Initializing Spring embedded WebApplicationContext
4773 [main] INFO  o.s.b.w.s.c.ServletWebServerApplicationContext - Root WebApplicationContext: initialization completed in 2431 ms
6171 [main] INFO  s.d.s.w.PropertySourcedRequestMappingHandlerMapping - Mapped URL path [/v2/api-docs] onto method [springfox.documentation.swagger2.web.Swagger2Controller#getDocumentation(String, HttpServletRequest)]
6388 [main] INFO  o.s.s.c.ThreadPoolTaskExecutor - Initializing ExecutorService 'applicationTaskExecutor'
6628 [main] INFO  o.s.s.c.ThreadPoolTaskScheduler - Initializing ExecutorService 'Nacos-Watch-Task-Scheduler'
6677 [main] INFO  c.a.d.s.b.a.DruidDataSourceAutoConfigure - Init DruidDataSource
7409 [main] INFO  c.a.druid.pool.DruidDataSource - {dataSource-1} inited
8150 [NettyClientSelector_1] INFO  RocketmqRemoting - closeChannel: close the connection to remote address[] result: true
8150 [NettyClientSelector_1] INFO  RocketmqRemoting - closeChannel: close the connection to remote address[] result: true
8872 [main] WARN  o.s.c.l.c.LoadBalancerCacheAutoConfiguration$LoadBalancerCaffeineWarnLogger - Spring Cloud LoadBalancer is currently working with the default cache. You can switch to using Caffeine cache, by adding it and org.springframework.cache.caffeine.CaffeineCacheManager to the classpath.
9067 [main] INFO  com.alibaba.nacos.client.naming - initializer namespace from System Property :null
9068 [main] INFO  com.alibaba.nacos.client.naming - initializer namespace from System Environment :null
9069 [main] INFO  com.alibaba.nacos.client.naming - initializer namespace from System Property :null
9339 [main] INFO  o.a.coyote.http11.Http11NioProtocol - Starting ProtocolHandler ["http-nio-9102"]
9366 [main] INFO  o.s.b.w.e.tomcat.TomcatWebServer - Tomcat started on port(s): 9102 (http) with context path ''
9376 [main] INFO  com.alibaba.nacos.client.naming - [BEAT] adding beat: BeatInfo{port=9102, ip='192.168.0.120', weight=1.0, serviceName='DEFAULT_GROUP@@provider', cluster='DEFAULT', metadata={preserved.register.source=SPRING_CLOUD}, scheduled=false, period=5000, stopped=false} to beat map.
9377 [main] INFO  com.alibaba.nacos.client.naming - [REGISTER-SERVICE] public registering service DEFAULT_GROUP@@provider with instance: Instance{instanceId='null', ip='192.168.0.120', port=9102, weight=1.0, healthy=true, enabled=true, ephemeral=true, clusterName='DEFAULT', serviceName='null', metadata={preserved.register.source=SPRING_CLOUD}}
9424 [main] INFO  c.a.c.n.r.NacosServiceRegistry - nacos registry, DEFAULT_GROUP provider 192.168.0.120:9102 register finished
9430 [main] INFO  s.d.s.w.p.DocumentationPluginsBootstrapper - Context refreshed
9463 [main] INFO  s.d.s.w.p.DocumentationPluginsBootstrapper - Found 1 custom documentation plugin(s)
9517 [main] INFO  s.d.s.w.s.ApiListingReferenceScanner - Scanning for api listing references
9645 [main] INFO  c.chengming.WareServiceApplication - Started WareServiceApplication in 9.327 seconds (JVM running for 11.39)
9650 [main] INFO  c.a.n.c.config.impl.ClientWorker - [fixed-localhost_8848] [subscribe] provider-dev.yml+DEFAULT_GROUP
9651 [main] INFO  c.a.n.client.config.impl.CacheData - [fixed-localhost_8848] [add-listener] ok, tenant=, dataId=provider-dev.yml, group=DEFAULT_GROUP, cnt=1
9651 [main] INFO  c.a.n.c.config.impl.ClientWorker - [fixed-localhost_8848] [subscribe] provider.yml+DEFAULT_GROUP
9651 [main] INFO  c.a.n.client.config.impl.CacheData - [fixed-localhost_8848] [add-listener] ok, tenant=, dataId=provider.yml, group=DEFAULT_GROUP, cnt=1
10417 [com.alibaba.nacos.client.naming.updater] INFO  com.alibaba.nacos.client.naming - new ips(1) service: DEFAULT_GROUP@@provider@@DEFAULT -> [{"instanceId":"192.168.0.120#9102#DEFAULT#DEFAULT_GROUP@@provider","ip":"192.168.0.120","port":9102,"weight":1.0,"healthy":true,"enabled":true,"ephemeral":true,"clusterName":"DEFAULT","serviceName":"DEFAULT_GROUP@@provider","metadata":{"preserved.register.source":"SPRING_CLOUD"},"ipDeleteTimeout":30000,"instanceHeartBeatInterval":5000,"instanceHeartBeatTimeOut":15000}]
10440 [com.alibaba.nacos.client.naming.updater] INFO  com.alibaba.nacos.client.naming - current ips:(1) service: DEFAULT_GROUP@@provider@@DEFAULT -> [{"instanceId":"192.168.0.120#9102#DEFAULT#DEFAULT_GROUP@@provider","ip":"192.168.0.120","port":9102,"weight":1.0,"healthy":true,"enabled":true,"ephemeral":true,"clusterName":"DEFAULT","serviceName":"DEFAULT_GROUP@@provider","metadata":{"preserved.register.source":"SPRING_CLOUD"},"ipDeleteTimeout":30000,"instanceHeartBeatInterval":5000,"instanceHeartBeatTimeOut":15000}]
38043 [NettyClientSelector_1] INFO  RocketmqRemoting - closeChannel: close the connection to remote address[] result: true
38046 [NettyClientSelector_1] INFO  RocketmqRemoting - closeChannel: close the connection to remote address[] result: true
68044 [NettyClientSelector_1] INFO  RocketmqRemoting - closeChannel: close the connection to remote address[] result: true
68048 [NettyClientSelector_1] INFO  RocketmqRemoting - closeChannel: close the connection to remote address[] result: true
98048 [NettyClientSelector_1] INFO  RocketmqRemoting - closeChannel: close the connection to remote address[] result: true
98048 [NettyClientSelector_1] INFO  RocketmqRemoting - closeChannel: close the connection to remote address[] result: true
128039 [NettyClientSelector_1] INFO  RocketmqRemoting - closeChannel: close the connection to remote address[] result: true
128045 [NettyClientSelector_1] INFO  RocketmqRemoting - closeChannel: close the connection to remote address[] result: true
158040 [NettyClientSelector_1] INFO  RocketmqRemoting - closeChannel: close the connection to remote address[] result: true
158044 [NettyClientSelector_1] INFO  RocketmqRemoting - closeChannel: close the connection to remote address[] result: true
188050 [NettyClientSelector_1] INFO  RocketmqRemoting - closeChannel: close the connection to remote address[] result: true
188050 [NettyClientSelector_1] INFO  RocketmqRemoting - closeChannel: close the connection to remote address[] result: true
218042 [NettyClientSelector_1] INFO  RocketmqRemoting - closeChannel: close the connection to remote address[] result: true
218057 [NettyClientSelector_1] INFO  RocketmqRemoting - closeChannel: close the connection to remote address[] result: true
248038 [NettyClientSelector_1] INFO  RocketmqRemoting - closeChannel: close the connection to remote address[] result: true
248044 [NettyClientSelector_1] INFO  RocketmqRemoting - closeChannel: close the connection to remote address[] result: true
278064 [NettyClientSelector_1] INFO  RocketmqRemoting - closeChannel: close the connection to remote address[] result: true
278061 [NettyClientSelector_1] INFO  RocketmqRemoting - closeChannel: close the connection to remote address[] result: true
308038 [NettyClientSelector_1] INFO  RocketmqRemoting - closeChannel: close the connection to remote address[] result: true
308047 [NettyClientSelector_1] INFO  RocketmqRemoting - closeChannel: close the connection to remote address[] result: true
338040 [NettyClientSelector_1] INFO  RocketmqRemoting - closeChannel: close the connection to remote address[] result: true
338047 [NettyClientSelector_1] INFO  RocketmqRemoting - closeChannel: close the connection to remote address[] result: true
368039 [NettyClientSelector_1] INFO  RocketmqRemoting - closeChannel: close the connection to remote address[] result: true
368050 [NettyClientSelector_1] INFO  RocketmqRemoting - closeChannel: close the connection to remote address[] result: true
398034 [NettyClientSelector_1] INFO  RocketmqRemoting - closeChannel: close the connection to remote address[] result: true
398043 [NettyClientSelector_1] INFO  RocketmqRemoting - closeChannel: close the connection to remote address[] result: true
428049 [NettyClientSelector_1] INFO  RocketmqRemoting - closeChannel: close the connection to remote address[] result: true
428056 [NettyClientSelector_1] INFO  RocketmqRemoting - closeChannel: close the connection to remote address[] result: true
458085 [NettyClientSelector_1] INFO  RocketmqRemoting - closeChannel: close the connection to remote address[] result: true
458079 [NettyClientSelector_1] INFO  RocketmqRemoting - closeChannel: close the connection to remote address[] result: true
488061 [NettyClientSelector_1] INFO  RocketmqRemoting - closeChannel: close the connection to remote address[] result: true
488068 [NettyClientSelector_1] INFO  RocketmqRemoting - closeChannel: close the connection to remote address[] result: true
518062 [NettyClientSelector_1] INFO  RocketmqRemoting - closeChannel: close the connection to remote address[] result: true
518070 [NettyClientSelector_1] INFO  RocketmqRemoting - closeChannel: close the connection to remote address[] result: true
548073 [NettyClientSelector_1] INFO  RocketmqRemoting - closeChannel: close the connection to remote address[] result: true
548073 [NettyClientSelector_1] INFO  RocketmqRemoting - closeChannel: close the connection to remote address[] result: true
578062 [NettyClientSelector_1] INFO  RocketmqRemoting - closeChannel: close the connection to remote address[] result: true
578074 [NettyClientSelector_1] INFO  RocketmqRemoting - closeChannel: close the connection to remote address[] result: true
608068 [NettyClientSelector_1] INFO  RocketmqRemoting - closeChannel: close the connection to remote address[] result: true
608077 [NettyClientSelector_1] INFO  RocketmqRemoting - closeChannel: close the connection to remote address[] result: true
638066 [NettyClientSelector_1] INFO  RocketmqRemoting - closeChannel: close the connection to remote address[] result: true
638072 [NettyClientSelector_1] INFO  RocketmqRemoting - closeChannel: close the connection to remote address[] result: true
668072 [NettyClientSelector_1] INFO  RocketmqRemoting - closeChannel: close the connection to remote address[] result: true
668093 [NettyClientSelector_1] INFO  RocketmqRemoting - closeChannel: close the connection to remote address[] result: true
698060 [NettyClientSelector_1] INFO  RocketmqRemoting - closeChannel: close the connection to remote address[] result: true
698067 [NettyClientSelector_1] INFO  RocketmqRemoting - closeChannel: close the connection to remote address[] result: true
728058 [NettyClientSelector_1] INFO  RocketmqRemoting - closeChannel: close the connection to remote address[] result: true
728068 [NettyClientSelector_1] INFO  RocketmqRemoting - closeChannel: close the connection to remote address[] result: true
758068 [NettyClientSelector_1] INFO  RocketmqRemoting - closeChannel: close the connection to remote address[] result: true
758071 [NettyClientSelector_1] INFO  RocketmqRemoting - closeChannel: close the connection to remote address[] result: true
788064 [NettyClientSelector_1] INFO  RocketmqRemoting - closeChannel: close the connection to remote address[] result: true
788068 [NettyClientSelector_1] INFO  RocketmqRemoting - closeChannel: close the connection to remote address[] result: true
818065 [NettyClientSelector_1] INFO  RocketmqRemoting - closeChannel: close the connection to remote address[] result: true
818076 [NettyClientSelector_1] INFO  RocketmqRemoting - closeChannel: close the connection to remote address[] result: true
848064 [NettyClientSelector_1] INFO  RocketmqRemoting - closeChannel: close the connection to remote address[] result: true
848071 [NettyClientSelector_1] INFO  RocketmqRemoting - closeChannel: close the connection to remote address[] result: true
878064 [NettyClientSelector_1] INFO  RocketmqRemoting - closeChannel: close the connection to remote address[] result: true
878075 [NettyClientSelector_1] INFO  RocketmqRemoting - closeChannel: close the connection to remote address[] result: true
908066 [NettyClientSelector_1] INFO  RocketmqRemoting - closeChannel: close the connection to remote address[] result: true
908073 [NettyClientSelector_1] INFO  RocketmqRemoting - closeChannel: close the connection to remote address[] result: true
938061 [NettyClientSelector_1] INFO  RocketmqRemoting - closeChannel: close the connection to remote address[] result: true
938070 [NettyClientSelector_1] INFO  RocketmqRemoting - closeChannel: close the connection to remote address[] result: true
968057 [NettyClientSelector_1] INFO  RocketmqRemoting - closeChannel: close the connection to remote address[] result: true
968064 [NettyClientSelector_1] INFO  RocketmqRemoting - closeChannel: close the connection to remote address[] result: true
998055 [NettyClientSelector_1] INFO  RocketmqRemoting - closeChannel: close the connection to remote address[] result: true
998067 [NettyClientSelector_1] INFO  RocketmqRemoting - closeChannel: close the connection to remote address[] result: true
1013234 [Thread-39] WARN  c.a.n.common.notify.NotifyCenter - [NotifyCenter] Start destroying Publisher
1013233 [Thread-5] WARN  c.a.n.c.http.HttpClientBeanHolder - [HttpClientBeanHolder] Start destroying common HttpClient
1013234 [Thread-39] WARN  c.a.n.common.notify.NotifyCenter - [NotifyCenter] Destruction of the end
1013252 [Thread-5] WARN  c.a.n.c.http.HttpClientBeanHolder - [HttpClientBeanHolder] Destruction of the end
1014771 [SpringContextShutdownHook] INFO  o.s.s.c.ThreadPoolTaskScheduler - Shutting down ExecutorService 'Nacos-Watch-Task-Scheduler'
1014936 [SpringContextShutdownHook] INFO  c.a.druid.pool.DruidDataSource - {dataSource-1} closing ...
1014961 [SpringContextShutdownHook] INFO  c.a.druid.pool.DruidDataSource - {dataSource-1} closed
1014963 [SpringContextShutdownHook] INFO  c.a.c.n.r.NacosServiceRegistry - De-registering from Nacos Server now...
1014964 [SpringContextShutdownHook] INFO  com.alibaba.nacos.client.naming - [BEAT] removing beat: DEFAULT_GROUP@@provider:192.168.0.120:9102 from beat map.
1014965 [SpringContextShutdownHook] INFO  com.alibaba.nacos.client.naming - [DEREGISTER-SERVICE] public deregistering service DEFAULT_GROUP@@provider with instance: Instance{instanceId='null', ip='192.168.0.120', port=9102, weight=1.0, healthy=true, enabled=true, ephemeral=true, clusterName='DEFAULT', serviceName='null', metadata={}}
1014975 [SpringContextShutdownHook] INFO  c.a.c.n.r.NacosServiceRegistry - De-registration finished.
1014975 [SpringContextShutdownHook] INFO  com.alibaba.nacos.client.naming - com.alibaba.nacos.client.naming.beat.BeatReactor do shutdown begin
1016806 [SpringContextShutdownHook] INFO  com.alibaba.nacos.client.naming - com.alibaba.nacos.client.naming.beat.BeatReactor do shutdown stop
1016807 [SpringContextShutdownHook] INFO  com.alibaba.nacos.client.naming - com.alibaba.nacos.client.naming.core.HostReactor do shutdown begin
1019821 [SpringContextShutdownHook] INFO  com.alibaba.nacos.client.naming - com.alibaba.nacos.client.naming.core.PushReceiver do shutdown begin
1022832 [SpringContextShutdownHook] INFO  com.alibaba.nacos.client.naming - com.alibaba.nacos.client.naming.core.PushReceiver do shutdown stop
1022832 [SpringContextShutdownHook] INFO  com.alibaba.nacos.client.naming - com.alibaba.nacos.client.naming.backups.FailoverReactor do shutdown begin
1022832 [SpringContextShutdownHook] INFO  com.alibaba.nacos.client.naming - com.alibaba.nacos.client.naming.backups.FailoverReactor do shutdown stop
1022833 [SpringContextShutdownHook] INFO  com.alibaba.nacos.client.naming - com.alibaba.nacos.client.naming.core.HostReactor do shutdown stop
1022833 [SpringContextShutdownHook] INFO  com.alibaba.nacos.client.naming - com.alibaba.nacos.client.naming.net.NamingProxy do shutdown begin
1022834 [SpringContextShutdownHook] WARN  com.alibaba.nacos.client.naming - [NamingHttpClientManager] Start destroying NacosRestTemplate
1022835 [SpringContextShutdownHook] WARN  com.alibaba.nacos.client.naming - [NamingHttpClientManager] Destruction of the end
1022835 [SpringContextShutdownHook] INFO  c.a.n.c.identify.CredentialWatcher - [null] CredentialWatcher is stopped
1022835 [SpringContextShutdownHook] INFO  c.a.n.c.identify.CredentialService - [null] CredentialService is freed
1022835 [SpringContextShutdownHook] INFO  com.alibaba.nacos.client.naming - com.alibaba.nacos.client.naming.net.NamingProxy do shutdown stop
1022839 [SpringContextShutdownHook] WARN  o.s.b.f.s.DisposableBeanAdapter - Destroy method 'close' on bean with name 'nacosServiceRegistry' threw an exception: java.lang.NullPointerException
1022844 [SpringContextShutdownHook] INFO  o.s.s.c.ThreadPoolTaskExecutor - Shutting down ExecutorService 'applicationTaskExecutor'
885  [background-preinit] INFO  o.h.validator.internal.util.Version - HV000001: Hibernate Validator 6.1.7.Final
1464 [main] INFO  o.s.c.a.n.c.NacosPropertySourceBuilder - Loading nacos data, dataId: 'provider-dev.yml', group: 'DEFAULT_GROUP'
1475 [main] INFO  o.s.c.b.c.PropertySourceBootstrapConfiguration - Located property source: [BootstrapPropertySource {name='bootstrapProperties-provider-dev.yml'}, BootstrapPropertySource {name='bootstrapProperties-provider.yml'}]
1491 [main] INFO  c.chengming.WareServiceApplication - The following profiles are active: dev
2071 [main] WARN  o.s.b.w.s.c.AnnotationConfigServletWebServerApplicationContext - Exception encountered during context initialization - cancelling refresh attempt: org.springframework.beans.factory.support.BeanDefinitionOverrideException: Invalid bean definition with name 'provider.FeignClientSpecification' defined in null: Cannot register bean definition [Generic bean: class [org.springframework.cloud.openfeign.FeignClientSpecification]; scope=; abstract=false; lazyInit=null; autowireMode=0; dependencyCheck=0; autowireCandidate=true; primary=false; factoryBeanName=null; factoryMethodName=null; initMethodName=null; destroyMethodName=null] for bean 'provider.FeignClientSpecification': There is already [Generic bean: class [org.springframework.cloud.openfeign.FeignClientSpecification]; scope=; abstract=false; lazyInit=null; autowireMode=0; dependencyCheck=0; autowireCandidate=true; primary=false; factoryBeanName=null; factoryMethodName=null; initMethodName=null; destroyMethodName=null] bound.
2078 [main] INFO  o.s.b.a.l.ConditionEvaluationReportLoggingListener - 

Error starting ApplicationContext. To display the conditions report re-run your application with 'debug' enabled.
2091 [main] ERROR o.s.b.d.LoggingFailureAnalysisReporter - 

***************************
APPLICATION FAILED TO START
***************************

Description:

The bean 'provider.FeignClientSpecification' could not be registered. A bean with that name has already been defined and overriding is disabled.

Action:

Consider renaming one of the beans or enabling overriding by setting spring.main.allow-bean-definition-overriding=true

2092 [Thread-3] WARN  c.a.n.c.http.HttpClientBeanHolder - [HttpClientBeanHolder] Start destroying common HttpClient
2093 [Thread-3] WARN  c.a.n.c.http.HttpClientBeanHolder - [HttpClientBeanHolder] Destruction of the end
1072 [background-preinit] INFO  o.h.validator.internal.util.Version - HV000001: Hibernate Validator 6.1.7.Final
1657 [main] INFO  o.s.c.a.n.c.NacosPropertySourceBuilder - Loading nacos data, dataId: 'provider-dev.yml', group: 'DEFAULT_GROUP'
1668 [main] INFO  o.s.c.b.c.PropertySourceBootstrapConfiguration - Located property source: [BootstrapPropertySource {name='bootstrapProperties-provider-dev.yml'}, BootstrapPropertySource {name='bootstrapProperties-provider.yml'}]
1687 [main] INFO  c.chengming.WareServiceApplication - The following profiles are active: dev
2310 [main] WARN  o.s.b.w.s.c.AnnotationConfigServletWebServerApplicationContext - Exception encountered during context initialization - cancelling refresh attempt: org.springframework.beans.factory.support.BeanDefinitionOverrideException: Invalid bean definition with name 'provider.FeignClientSpecification' defined in null: Cannot register bean definition [Generic bean: class [org.springframework.cloud.openfeign.FeignClientSpecification]; scope=; abstract=false; lazyInit=null; autowireMode=0; dependencyCheck=0; autowireCandidate=true; primary=false; factoryBeanName=null; factoryMethodName=null; initMethodName=null; destroyMethodName=null] for bean 'provider.FeignClientSpecification': There is already [Generic bean: class [org.springframework.cloud.openfeign.FeignClientSpecification]; scope=; abstract=false; lazyInit=null; autowireMode=0; dependencyCheck=0; autowireCandidate=true; primary=false; factoryBeanName=null; factoryMethodName=null; initMethodName=null; destroyMethodName=null] bound.
2316 [main] INFO  o.s.b.a.l.ConditionEvaluationReportLoggingListener - 

Error starting ApplicationContext. To display the conditions report re-run your application with 'debug' enabled.
2328 [main] ERROR o.s.b.d.LoggingFailureAnalysisReporter - 

***************************
APPLICATION FAILED TO START
***************************

Description:

The bean 'provider.FeignClientSpecification' could not be registered. A bean with that name has already been defined and overriding is disabled.

Action:

Consider renaming one of the beans or enabling overriding by setting spring.main.allow-bean-definition-overriding=true

2329 [Thread-3] WARN  c.a.n.c.http.HttpClientBeanHolder - [HttpClientBeanHolder] Start destroying common HttpClient
2330 [Thread-3] WARN  c.a.n.c.http.HttpClientBeanHolder - [HttpClientBeanHolder] Destruction of the end
855  [background-preinit] INFO  o.h.validator.internal.util.Version - HV000001: Hibernate Validator 6.1.7.Final
1354 [main] INFO  o.s.c.a.n.c.NacosPropertySourceBuilder - Loading nacos data, dataId: 'provider-dev.yml', group: 'DEFAULT_GROUP'
1365 [main] INFO  o.s.c.b.c.PropertySourceBootstrapConfiguration - Located property source: [BootstrapPropertySource {name='bootstrapProperties-provider-dev.yml'}, BootstrapPropertySource {name='bootstrapProperties-provider.yml'}]
1382 [main] INFO  c.chengming.WareServiceApplication - The following profiles are active: dev
2110 [main] INFO  o.s.d.r.c.RepositoryConfigurationDelegate - Multiple Spring Data modules found, entering strict repository configuration mode!
2112 [main] INFO  o.s.d.r.c.RepositoryConfigurationDelegate - Bootstrapping Spring Data Redis repositories in DEFAULT mode.
2131 [main] INFO  o.s.d.r.c.RepositoryConfigurationDelegate - Finished Spring Data repository scanning in 5 ms. Found 0 Redis repository interfaces.
2499 [main] WARN  o.m.s.mapper.ClassPathMapperScanner - No MyBatis mapper was found in '[com.cm.mapper]' package. Please check your configuration.
2525 [main] INFO  o.s.c.context.scope.GenericScope - BeanFactory id=81e54f7e-c79b-3403-8653-e25cb1711ee2
2813 [main] INFO  o.s.c.s.PostProcessorRegistrationDelegate$BeanPostProcessorChecker - Bean 'org.springframework.cloud.client.loadbalancer.reactive.LoadBalancerBeanPostProcessorAutoConfiguration' of type [org.springframework.cloud.client.loadbalancer.reactive.LoadBalancerBeanPostProcessorAutoConfiguration] is not eligible for getting processed by all BeanPostProcessors (for example: not eligible for auto-proxying)
2815 [main] INFO  o.s.c.s.PostProcessorRegistrationDelegate$BeanPostProcessorChecker - Bean 'org.springframework.cloud.client.loadbalancer.reactive.LoadBalancerBeanPostProcessorAutoConfiguration$ReactorDeferringLoadBalancerFilterConfig' of type [org.springframework.cloud.client.loadbalancer.reactive.LoadBalancerBeanPostProcessorAutoConfiguration$ReactorDeferringLoadBalancerFilterConfig] is not eligible for getting processed by all BeanPostProcessors (for example: not eligible for auto-proxying)
2817 [main] INFO  o.s.c.s.PostProcessorRegistrationDelegate$BeanPostProcessorChecker - Bean 'reactorDeferringLoadBalancerExchangeFilterFunction' of type [org.springframework.cloud.client.loadbalancer.reactive.DeferringLoadBalancerExchangeFilterFunction] is not eligible for getting processed by all BeanPostProcessors (for example: not eligible for auto-proxying)
3072 [main] INFO  o.s.b.w.e.tomcat.TomcatWebServer - Tomcat initialized with port(s): 9102 (http)
3080 [main] INFO  o.a.coyote.http11.Http11NioProtocol - Initializing ProtocolHandler ["http-nio-9102"]
3081 [main] INFO  o.a.catalina.core.StandardService - Starting service [Tomcat]
3081 [main] INFO  o.a.catalina.core.StandardEngine - Starting Servlet engine: [Apache Tomcat/9.0.44]
3172 [main] INFO  o.a.c.c.C.[Tomcat].[localhost].[/] - Initializing Spring embedded WebApplicationContext
3172 [main] INFO  o.s.b.w.s.c.ServletWebServerApplicationContext - Root WebApplicationContext: initialization completed in 1774 ms
4092 [main] INFO  s.d.s.w.PropertySourcedRequestMappingHandlerMapping - Mapped URL path [/v2/api-docs] onto method [springfox.documentation.swagger2.web.Swagger2Controller#getDocumentation(String, HttpServletRequest)]
4315 [main] INFO  o.s.s.c.ThreadPoolTaskExecutor - Initializing ExecutorService 'applicationTaskExecutor'
4546 [main] INFO  o.s.s.c.ThreadPoolTaskScheduler - Initializing ExecutorService 'Nacos-Watch-Task-Scheduler'
4595 [main] INFO  c.a.d.s.b.a.DruidDataSourceAutoConfigure - Init DruidDataSource
4993 [main] INFO  c.a.druid.pool.DruidDataSource - {dataSource-1} inited
5693 [NettyClientSelector_1] INFO  RocketmqRemoting - closeChannel: close the connection to remote address[] result: true
5693 [NettyClientSelector_1] INFO  RocketmqRemoting - closeChannel: close the connection to remote address[] result: true
6346 [main] WARN  o.s.c.l.c.LoadBalancerCacheAutoConfiguration$LoadBalancerCaffeineWarnLogger - Spring Cloud LoadBalancer is currently working with the default cache. You can switch to using Caffeine cache, by adding it and org.springframework.cache.caffeine.CaffeineCacheManager to the classpath.
6520 [main] INFO  com.alibaba.nacos.client.naming - initializer namespace from System Property :null
6520 [main] INFO  com.alibaba.nacos.client.naming - initializer namespace from System Environment :null
6521 [main] INFO  com.alibaba.nacos.client.naming - initializer namespace from System Property :null
6651 [main] INFO  o.a.coyote.http11.Http11NioProtocol - Starting ProtocolHandler ["http-nio-9102"]
6665 [main] INFO  o.s.b.w.e.tomcat.TomcatWebServer - Tomcat started on port(s): 9102 (http) with context path ''
6672 [main] INFO  com.alibaba.nacos.client.naming - [BEAT] adding beat: BeatInfo{port=9102, ip='192.168.0.120', weight=1.0, serviceName='DEFAULT_GROUP@@provider', cluster='DEFAULT', metadata={preserved.register.source=SPRING_CLOUD}, scheduled=false, period=5000, stopped=false} to beat map.
6673 [main] INFO  com.alibaba.nacos.client.naming - [REGISTER-SERVICE] public registering service DEFAULT_GROUP@@provider with instance: Instance{instanceId='null', ip='192.168.0.120', port=9102, weight=1.0, healthy=true, enabled=true, ephemeral=true, clusterName='DEFAULT', serviceName='null', metadata={preserved.register.source=SPRING_CLOUD}}
6684 [main] INFO  c.a.c.n.r.NacosServiceRegistry - nacos registry, DEFAULT_GROUP provider 192.168.0.120:9102 register finished
6687 [main] INFO  s.d.s.w.p.DocumentationPluginsBootstrapper - Context refreshed
6716 [main] INFO  s.d.s.w.p.DocumentationPluginsBootstrapper - Found 1 custom documentation plugin(s)
6783 [main] INFO  s.d.s.w.s.ApiListingReferenceScanner - Scanning for api listing references
6868 [main] INFO  c.chengming.WareServiceApplication - Started WareServiceApplication in 6.633 seconds (JVM running for 7.52)
6872 [main] INFO  c.a.n.c.config.impl.ClientWorker - [fixed-localhost_8848] [subscribe] provider-dev.yml+DEFAULT_GROUP
6873 [main] INFO  c.a.n.client.config.impl.CacheData - [fixed-localhost_8848] [add-listener] ok, tenant=, dataId=provider-dev.yml, group=DEFAULT_GROUP, cnt=1
6874 [main] INFO  c.a.n.c.config.impl.ClientWorker - [fixed-localhost_8848] [subscribe] provider.yml+DEFAULT_GROUP
6874 [main] INFO  c.a.n.client.config.impl.CacheData - [fixed-localhost_8848] [add-listener] ok, tenant=, dataId=provider.yml, group=DEFAULT_GROUP, cnt=1
7668 [com.alibaba.nacos.client.naming.updater] INFO  com.alibaba.nacos.client.naming - new ips(1) service: DEFAULT_GROUP@@provider@@DEFAULT -> [{"instanceId":"192.168.0.120#9102#DEFAULT#DEFAULT_GROUP@@provider","ip":"192.168.0.120","port":9102,"weight":1.0,"healthy":true,"enabled":true,"ephemeral":true,"clusterName":"DEFAULT","serviceName":"DEFAULT_GROUP@@provider","metadata":{"preserved.register.source":"SPRING_CLOUD"},"ipDeleteTimeout":30000,"instanceHeartBeatInterval":5000,"instanceHeartBeatTimeOut":15000}]
7675 [com.alibaba.nacos.client.naming.updater] INFO  com.alibaba.nacos.client.naming - current ips:(1) service: DEFAULT_GROUP@@provider@@DEFAULT -> [{"instanceId":"192.168.0.120#9102#DEFAULT#DEFAULT_GROUP@@provider","ip":"192.168.0.120","port":9102,"weight":1.0,"healthy":true,"enabled":true,"ephemeral":true,"clusterName":"DEFAULT","serviceName":"DEFAULT_GROUP@@provider","metadata":{"preserved.register.source":"SPRING_CLOUD"},"ipDeleteTimeout":30000,"instanceHeartBeatInterval":5000,"instanceHeartBeatTimeOut":15000}]
35403 [NettyClientSelector_1] INFO  RocketmqRemoting - closeChannel: close the connection to remote address[] result: true
35403 [NettyClientSelector_1] INFO  RocketmqRemoting - closeChannel: close the connection to remote address[] result: true
65395 [NettyClientSelector_1] INFO  RocketmqRemoting - closeChannel: close the connection to remote address[] result: true
65426 [NettyClientSelector_1] INFO  RocketmqRemoting - closeChannel: close the connection to remote address[] result: true
95399 [NettyClientSelector_1] INFO  RocketmqRemoting - closeChannel: close the connection to remote address[] result: true
95406 [NettyClientSelector_1] INFO  RocketmqRemoting - closeChannel: close the connection to remote address[] result: true
105608 [http-nio-9102-exec-1] INFO  o.a.c.c.C.[Tomcat].[localhost].[/] - Initializing Spring DispatcherServlet 'dispatcherServlet'
105608 [http-nio-9102-exec-1] INFO  o.s.web.servlet.DispatcherServlet - Initializing Servlet 'dispatcherServlet'
105664 [http-nio-9102-exec-1] INFO  o.s.web.servlet.DispatcherServlet - Completed initialization in 56 ms
105746 [http-nio-9102-exec-1] WARN  o.s.w.s.m.s.DefaultHandlerExceptionResolver - Resolved [org.springframework.web.HttpRequestMethodNotSupportedException: Request method 'GET' not supported]
125401 [NettyClientSelector_1] INFO  RocketmqRemoting - closeChannel: close the connection to remote address[] result: true
125406 [NettyClientSelector_1] INFO  RocketmqRemoting - closeChannel: close the connection to remote address[] result: true
155400 [NettyClientSelector_1] INFO  RocketmqRemoting - closeChannel: close the connection to remote address[] result: true
155408 [NettyClientSelector_1] INFO  RocketmqRemoting - closeChannel: close the connection to remote address[] result: true
185338 [NettyClientSelector_1] INFO  RocketmqRemoting - closeChannel: close the connection to remote address[] result: true
185340 [NettyClientSelector_1] INFO  RocketmqRemoting - closeChannel: close the connection to remote address[] result: true
205606 [Thread-33] WARN  c.a.n.common.notify.NotifyCenter - [NotifyCenter] Start destroying Publisher
205606 [Thread-4] WARN  c.a.n.c.http.HttpClientBeanHolder - [HttpClientBeanHolder] Start destroying common HttpClient
205607 [Thread-33] WARN  c.a.n.common.notify.NotifyCenter - [NotifyCenter] Destruction of the end
205610 [Thread-4] WARN  c.a.n.c.http.HttpClientBeanHolder - [HttpClientBeanHolder] Destruction of the end
206855 [SpringContextShutdownHook] INFO  o.s.s.c.ThreadPoolTaskScheduler - Shutting down ExecutorService 'Nacos-Watch-Task-Scheduler'
206990 [SpringContextShutdownHook] INFO  c.a.druid.pool.DruidDataSource - {dataSource-1} closing ...
207011 [SpringContextShutdownHook] INFO  c.a.druid.pool.DruidDataSource - {dataSource-1} closed
207011 [SpringContextShutdownHook] INFO  c.a.c.n.r.NacosServiceRegistry - De-registering from Nacos Server now...
207012 [SpringContextShutdownHook] INFO  com.alibaba.nacos.client.naming - [BEAT] removing beat: DEFAULT_GROUP@@provider:192.168.0.120:9102 from beat map.
207012 [SpringContextShutdownHook] INFO  com.alibaba.nacos.client.naming - [DEREGISTER-SERVICE] public deregistering service DEFAULT_GROUP@@provider with instance: Instance{instanceId='null', ip='192.168.0.120', port=9102, weight=1.0, healthy=true, enabled=true, ephemeral=true, clusterName='DEFAULT', serviceName='null', metadata={}}
207020 [SpringContextShutdownHook] INFO  c.a.c.n.r.NacosServiceRegistry - De-registration finished.
207020 [SpringContextShutdownHook] INFO  com.alibaba.nacos.client.naming - com.alibaba.nacos.client.naming.beat.BeatReactor do shutdown begin
207833 [com.alibaba.nacos.client.naming.updater] INFO  com.alibaba.nacos.client.naming - removed ips(1) service: DEFAULT_GROUP@@provider@@DEFAULT -> [{"instanceId":"192.168.0.120#9102#DEFAULT#DEFAULT_GROUP@@provider","ip":"192.168.0.120","port":9102,"weight":1.0,"healthy":true,"enabled":true,"ephemeral":true,"clusterName":"DEFAULT","serviceName":"DEFAULT_GROUP@@provider","metadata":{"preserved.register.source":"SPRING_CLOUD"},"ipDeleteTimeout":30000,"instanceHeartBeatInterval":5000,"instanceHeartBeatTimeOut":15000}]
207839 [com.alibaba.nacos.client.naming.updater] INFO  com.alibaba.nacos.client.naming - current ips:(0) service: DEFAULT_GROUP@@provider@@DEFAULT -> []
210032 [SpringContextShutdownHook] INFO  com.alibaba.nacos.client.naming - com.alibaba.nacos.client.naming.beat.BeatReactor do shutdown stop
210032 [SpringContextShutdownHook] INFO  com.alibaba.nacos.client.naming - com.alibaba.nacos.client.naming.core.HostReactor do shutdown begin
213039 [SpringContextShutdownHook] INFO  com.alibaba.nacos.client.naming - com.alibaba.nacos.client.naming.core.PushReceiver do shutdown begin
216054 [SpringContextShutdownHook] INFO  com.alibaba.nacos.client.naming - com.alibaba.nacos.client.naming.core.PushReceiver do shutdown stop
216055 [SpringContextShutdownHook] INFO  com.alibaba.nacos.client.naming - com.alibaba.nacos.client.naming.backups.FailoverReactor do shutdown begin
216055 [SpringContextShutdownHook] INFO  com.alibaba.nacos.client.naming - com.alibaba.nacos.client.naming.backups.FailoverReactor do shutdown stop
216055 [SpringContextShutdownHook] INFO  com.alibaba.nacos.client.naming - com.alibaba.nacos.client.naming.core.HostReactor do shutdown stop
216055 [SpringContextShutdownHook] INFO  com.alibaba.nacos.client.naming - com.alibaba.nacos.client.naming.net.NamingProxy do shutdown begin
216056 [SpringContextShutdownHook] WARN  com.alibaba.nacos.client.naming - [NamingHttpClientManager] Start destroying NacosRestTemplate
216056 [SpringContextShutdownHook] WARN  com.alibaba.nacos.client.naming - [NamingHttpClientManager] Destruction of the end
216056 [SpringContextShutdownHook] INFO  c.a.n.c.identify.CredentialWatcher - [null] CredentialWatcher is stopped
216056 [SpringContextShutdownHook] INFO  c.a.n.c.identify.CredentialService - [null] CredentialService is freed
216056 [SpringContextShutdownHook] INFO  com.alibaba.nacos.client.naming - com.alibaba.nacos.client.naming.net.NamingProxy do shutdown stop
216057 [SpringContextShutdownHook] WARN  o.s.b.f.s.DisposableBeanAdapter - Destroy method 'close' on bean with name 'nacosServiceRegistry' threw an exception: java.lang.NullPointerException
216060 [SpringContextShutdownHook] INFO  o.s.s.c.ThreadPoolTaskExecutor - Shutting down ExecutorService 'applicationTaskExecutor'
1032 [background-preinit] INFO  o.h.validator.internal.util.Version - HV000001: Hibernate Validator 6.1.7.Final
1672 [main] INFO  o.s.c.a.n.c.NacosPropertySourceBuilder - Loading nacos data, dataId: 'provider-dev.yml', group: 'DEFAULT_GROUP'
1684 [main] INFO  o.s.c.b.c.PropertySourceBootstrapConfiguration - Located property source: [BootstrapPropertySource {name='bootstrapProperties-provider-dev.yml'}, BootstrapPropertySource {name='bootstrapProperties-provider.yml'}]
1702 [main] INFO  c.chengming.WareServiceApplication - The following profiles are active: dev
2534 [main] INFO  o.s.d.r.c.RepositoryConfigurationDelegate - Multiple Spring Data modules found, entering strict repository configuration mode!
2537 [main] INFO  o.s.d.r.c.RepositoryConfigurationDelegate - Bootstrapping Spring Data Redis repositories in DEFAULT mode.
2557 [main] INFO  o.s.d.r.c.RepositoryConfigurationDelegate - Finished Spring Data repository scanning in 6 ms. Found 0 Redis repository interfaces.
2945 [main] WARN  o.m.s.mapper.ClassPathMapperScanner - No MyBatis mapper was found in '[com.cm.mapper]' package. Please check your configuration.
2972 [main] INFO  o.s.c.context.scope.GenericScope - BeanFactory id=31818994-f8fd-3268-9c80-f32113b52271
3283 [main] INFO  o.s.c.s.PostProcessorRegistrationDelegate$BeanPostProcessorChecker - Bean 'org.springframework.cloud.client.loadbalancer.reactive.LoadBalancerBeanPostProcessorAutoConfiguration' of type [org.springframework.cloud.client.loadbalancer.reactive.LoadBalancerBeanPostProcessorAutoConfiguration] is not eligible for getting processed by all BeanPostProcessors (for example: not eligible for auto-proxying)
3286 [main] INFO  o.s.c.s.PostProcessorRegistrationDelegate$BeanPostProcessorChecker - Bean 'org.springframework.cloud.client.loadbalancer.reactive.LoadBalancerBeanPostProcessorAutoConfiguration$ReactorDeferringLoadBalancerFilterConfig' of type [org.springframework.cloud.client.loadbalancer.reactive.LoadBalancerBeanPostProcessorAutoConfiguration$ReactorDeferringLoadBalancerFilterConfig] is not eligible for getting processed by all BeanPostProcessors (for example: not eligible for auto-proxying)
3288 [main] INFO  o.s.c.s.PostProcessorRegistrationDelegate$BeanPostProcessorChecker - Bean 'reactorDeferringLoadBalancerExchangeFilterFunction' of type [org.springframework.cloud.client.loadbalancer.reactive.DeferringLoadBalancerExchangeFilterFunction] is not eligible for getting processed by all BeanPostProcessors (for example: not eligible for auto-proxying)
3577 [main] INFO  o.s.b.w.e.tomcat.TomcatWebServer - Tomcat initialized with port(s): 9102 (http)
3586 [main] INFO  o.a.coyote.http11.Http11NioProtocol - Initializing ProtocolHandler ["http-nio-9102"]
3586 [main] INFO  o.a.catalina.core.StandardService - Starting service [Tomcat]
3586 [main] INFO  o.a.catalina.core.StandardEngine - Starting Servlet engine: [Apache Tomcat/9.0.44]
3679 [main] INFO  o.a.c.c.C.[Tomcat].[localhost].[/] - Initializing Spring embedded WebApplicationContext
3679 [main] INFO  o.s.b.w.s.c.ServletWebServerApplicationContext - Root WebApplicationContext: initialization completed in 1959 ms
4804 [main] INFO  s.d.s.w.PropertySourcedRequestMappingHandlerMapping - Mapped URL path [/v2/api-docs] onto method [springfox.documentation.swagger2.web.Swagger2Controller#getDocumentation(String, HttpServletRequest)]
5061 [main] INFO  o.s.s.c.ThreadPoolTaskExecutor - Initializing ExecutorService 'applicationTaskExecutor'
5328 [main] INFO  o.s.s.c.ThreadPoolTaskScheduler - Initializing ExecutorService 'Nacos-Watch-Task-Scheduler'
5380 [main] INFO  c.a.d.s.b.a.DruidDataSourceAutoConfigure - Init DruidDataSource
5817 [main] INFO  c.a.druid.pool.DruidDataSource - {dataSource-1} inited
6494 [NettyClientSelector_1] INFO  RocketmqRemoting - closeChannel: close the connection to remote address[] result: true
6494 [NettyClientSelector_1] INFO  RocketmqRemoting - closeChannel: close the connection to remote address[] result: true
7224 [main] WARN  o.s.c.l.c.LoadBalancerCacheAutoConfiguration$LoadBalancerCaffeineWarnLogger - Spring Cloud LoadBalancer is currently working with the default cache. You can switch to using Caffeine cache, by adding it and org.springframework.cache.caffeine.CaffeineCacheManager to the classpath.
7430 [main] INFO  com.alibaba.nacos.client.naming - initializer namespace from System Property :null
7430 [main] INFO  com.alibaba.nacos.client.naming - initializer namespace from System Environment :null
7431 [main] INFO  com.alibaba.nacos.client.naming - initializer namespace from System Property :null
7558 [main] INFO  o.a.coyote.http11.Http11NioProtocol - Starting ProtocolHandler ["http-nio-9102"]
7572 [main] INFO  o.s.b.w.e.tomcat.TomcatWebServer - Tomcat started on port(s): 9102 (http) with context path ''
7579 [main] INFO  com.alibaba.nacos.client.naming - [BEAT] adding beat: BeatInfo{port=9102, ip='192.168.0.120', weight=1.0, serviceName='DEFAULT_GROUP@@provider', cluster='DEFAULT', metadata={preserved.register.source=SPRING_CLOUD}, scheduled=false, period=5000, stopped=false} to beat map.
7580 [main] INFO  com.alibaba.nacos.client.naming - [REGISTER-SERVICE] public registering service DEFAULT_GROUP@@provider with instance: Instance{instanceId='null', ip='192.168.0.120', port=9102, weight=1.0, healthy=true, enabled=true, ephemeral=true, clusterName='DEFAULT', serviceName='null', metadata={preserved.register.source=SPRING_CLOUD}}
7597 [main] INFO  c.a.c.n.r.NacosServiceRegistry - nacos registry, DEFAULT_GROUP provider 192.168.0.120:9102 register finished
7600 [main] INFO  s.d.s.w.p.DocumentationPluginsBootstrapper - Context refreshed
7622 [main] INFO  s.d.s.w.p.DocumentationPluginsBootstrapper - Found 1 custom documentation plugin(s)
7660 [main] INFO  s.d.s.w.s.ApiListingReferenceScanner - Scanning for api listing references
7768 [main] INFO  c.chengming.WareServiceApplication - Started WareServiceApplication in 7.457 seconds (JVM running for 8.656)
7773 [main] INFO  c.a.n.c.config.impl.ClientWorker - [fixed-localhost_8848] [subscribe] provider-dev.yml+DEFAULT_GROUP
7774 [main] INFO  c.a.n.client.config.impl.CacheData - [fixed-localhost_8848] [add-listener] ok, tenant=, dataId=provider-dev.yml, group=DEFAULT_GROUP, cnt=1
7774 [main] INFO  c.a.n.c.config.impl.ClientWorker - [fixed-localhost_8848] [subscribe] provider.yml+DEFAULT_GROUP
7774 [main] INFO  c.a.n.client.config.impl.CacheData - [fixed-localhost_8848] [add-listener] ok, tenant=, dataId=provider.yml, group=DEFAULT_GROUP, cnt=1
8586 [com.alibaba.nacos.client.naming.updater] INFO  com.alibaba.nacos.client.naming - new ips(1) service: DEFAULT_GROUP@@provider@@DEFAULT -> [{"instanceId":"192.168.0.120#9102#DEFAULT#DEFAULT_GROUP@@provider","ip":"192.168.0.120","port":9102,"weight":1.0,"healthy":true,"enabled":true,"ephemeral":true,"clusterName":"DEFAULT","serviceName":"DEFAULT_GROUP@@provider","metadata":{"preserved.register.source":"SPRING_CLOUD"},"ipDeleteTimeout":30000,"instanceHeartBeatInterval":5000,"instanceHeartBeatTimeOut":15000}]
8595 [com.alibaba.nacos.client.naming.updater] INFO  com.alibaba.nacos.client.naming - current ips:(1) service: DEFAULT_GROUP@@provider@@DEFAULT -> [{"instanceId":"192.168.0.120#9102#DEFAULT#DEFAULT_GROUP@@provider","ip":"192.168.0.120","port":9102,"weight":1.0,"healthy":true,"enabled":true,"ephemeral":true,"clusterName":"DEFAULT","serviceName":"DEFAULT_GROUP@@provider","metadata":{"preserved.register.source":"SPRING_CLOUD"},"ipDeleteTimeout":30000,"instanceHeartBeatInterval":5000,"instanceHeartBeatTimeOut":15000}]
36202 [NettyClientSelector_1] INFO  RocketmqRemoting - closeChannel: close the connection to remote address[] result: true
36205 [NettyClientSelector_1] INFO  RocketmqRemoting - closeChannel: close the connection to remote address[] result: true
39520 [http-nio-9102-exec-1] INFO  o.a.c.c.C.[Tomcat].[localhost].[/] - Initializing Spring DispatcherServlet 'dispatcherServlet'
39520 [http-nio-9102-exec-1] INFO  o.s.web.servlet.DispatcherServlet - Initializing Servlet 'dispatcherServlet'
39527 [http-nio-9102-exec-1] INFO  o.s.web.servlet.DispatcherServlet - Completed initialization in 7 ms
66198 [NettyClientSelector_1] INFO  RocketmqRemoting - closeChannel: close the connection to remote address[] result: true
66205 [NettyClientSelector_1] INFO  RocketmqRemoting - closeChannel: close the connection to remote address[] result: true
96215 [NettyClientSelector_1] INFO  RocketmqRemoting - closeChannel: close the connection to remote address[] result: true
96215 [NettyClientSelector_1] INFO  RocketmqRemoting - closeChannel: close the connection to remote address[] result: true
126195 [NettyClientSelector_1] INFO  RocketmqRemoting - closeChannel: close the connection to remote address[] result: true
126205 [NettyClientSelector_1] INFO  RocketmqRemoting - closeChannel: close the connection to remote address[] result: true
156198 [NettyClientSelector_1] INFO  RocketmqRemoting - closeChannel: close the connection to remote address[] result: true
156203 [NettyClientSelector_1] INFO  RocketmqRemoting - closeChannel: close the connection to remote address[] result: true
186197 [NettyClientSelector_1] INFO  RocketmqRemoting - closeChannel: close the connection to remote address[] result: true
186204 [NettyClientSelector_1] INFO  RocketmqRemoting - closeChannel: close the connection to remote address[] result: true
216199 [NettyClientSelector_1] INFO  RocketmqRemoting - closeChannel: close the connection to remote address[] result: true
216211 [NettyClientSelector_1] INFO  RocketmqRemoting - closeChannel: close the connection to remote address[] result: true
246199 [NettyClientSelector_1] INFO  RocketmqRemoting - closeChannel: close the connection to remote address[] result: true
246207 [NettyClientSelector_1] INFO  RocketmqRemoting - closeChannel: close the connection to remote address[] result: true
276196 [NettyClientSelector_1] INFO  RocketmqRemoting - closeChannel: close the connection to remote address[] result: true
276208 [NettyClientSelector_1] INFO  RocketmqRemoting - closeChannel: close the connection to remote address[] result: true
306197 [NettyClientSelector_1] INFO  RocketmqRemoting - closeChannel: close the connection to remote address[] result: true
306202 [NettyClientSelector_1] INFO  RocketmqRemoting - closeChannel: close the connection to remote address[] result: true
336201 [NettyClientSelector_1] INFO  RocketmqRemoting - closeChannel: close the connection to remote address[] result: true
336205 [NettyClientSelector_1] INFO  RocketmqRemoting - closeChannel: close the connection to remote address[] result: true
366196 [NettyClientSelector_1] INFO  RocketmqRemoting - closeChannel: close the connection to remote address[] result: true
366202 [NettyClientSelector_1] INFO  RocketmqRemoting - closeChannel: close the connection to remote address[] result: true
396196 [NettyClientSelector_1] INFO  RocketmqRemoting - closeChannel: close the connection to remote address[] result: true
396205 [NettyClientSelector_1] INFO  RocketmqRemoting - closeChannel: close the connection to remote address[] result: true
426200 [NettyClientSelector_1] INFO  RocketmqRemoting - closeChannel: close the connection to remote address[] result: true
426208 [NettyClientSelector_1] INFO  RocketmqRemoting - closeChannel: close the connection to remote address[] result: true
456201 [NettyClientSelector_1] INFO  RocketmqRemoting - closeChannel: close the connection to remote address[] result: true
456207 [NettyClientSelector_1] INFO  RocketmqRemoting - closeChannel: close the connection to remote address[] result: true
486198 [NettyClientSelector_1] INFO  RocketmqRemoting - closeChannel: close the connection to remote address[] result: true
486206 [NettyClientSelector_1] INFO  RocketmqRemoting - closeChannel: close the connection to remote address[] result: true
516201 [NettyClientSelector_1] INFO  RocketmqRemoting - closeChannel: close the connection to remote address[] result: true
516206 [NettyClientSelector_1] INFO  RocketmqRemoting - closeChannel: close the connection to remote address[] result: true
546200 [NettyClientSelector_1] INFO  RocketmqRemoting - closeChannel: close the connection to remote address[] result: true
546206 [NettyClientSelector_1] INFO  RocketmqRemoting - closeChannel: close the connection to remote address[] result: true
576199 [NettyClientSelector_1] INFO  RocketmqRemoting - closeChannel: close the connection to remote address[] result: true
576206 [NettyClientSelector_1] INFO  RocketmqRemoting - closeChannel: close the connection to remote address[] result: true
606202 [NettyClientSelector_1] INFO  RocketmqRemoting - closeChannel: close the connection to remote address[] result: true
606206 [NettyClientSelector_1] INFO  RocketmqRemoting - closeChannel: close the connection to remote address[] result: true
636202 [NettyClientSelector_1] INFO  RocketmqRemoting - closeChannel: close the connection to remote address[] result: true
636207 [NettyClientSelector_1] INFO  RocketmqRemoting - closeChannel: close the connection to remote address[] result: true
666186 [NettyClientSelector_1] INFO  RocketmqRemoting - closeChannel: close the connection to remote address[] result: true
666196 [NettyClientSelector_1] INFO  RocketmqRemoting - closeChannel: close the connection to remote address[] result: true
696186 [NettyClientSelector_1] INFO  RocketmqRemoting - closeChannel: close the connection to remote address[] result: true
696190 [NettyClientSelector_1] INFO  RocketmqRemoting - closeChannel: close the connection to remote address[] result: true
726185 [NettyClientSelector_1] INFO  RocketmqRemoting - closeChannel: close the connection to remote address[] result: true
726195 [NettyClientSelector_1] INFO  RocketmqRemoting - closeChannel: close the connection to remote address[] result: true
756185 [NettyClientSelector_1] INFO  RocketmqRemoting - closeChannel: close the connection to remote address[] result: true
756190 [NettyClientSelector_1] INFO  RocketmqRemoting - closeChannel: close the connection to remote address[] result: true
786190 [NettyClientSelector_1] INFO  RocketmqRemoting - closeChannel: close the connection to remote address[] result: true
786199 [NettyClientSelector_1] INFO  RocketmqRemoting - closeChannel: close the connection to remote address[] result: true
816187 [NettyClientSelector_1] INFO  RocketmqRemoting - closeChannel: close the connection to remote address[] result: true
816192 [NettyClientSelector_1] INFO  RocketmqRemoting - closeChannel: close the connection to remote address[] result: true
846186 [NettyClientSelector_1] INFO  RocketmqRemoting - closeChannel: close the connection to remote address[] result: true
846192 [NettyClientSelector_1] INFO  RocketmqRemoting - closeChannel: close the connection to remote address[] result: true
876291 [NettyClientSelector_1] INFO  RocketmqRemoting - closeChannel: close the connection to remote address[] result: true
876302 [NettyClientSelector_1] INFO  RocketmqRemoting - closeChannel: close the connection to remote address[] result: true
906287 [NettyClientSelector_1] INFO  RocketmqRemoting - closeChannel: close the connection to remote address[] result: true
906293 [NettyClientSelector_1] INFO  RocketmqRemoting - closeChannel: close the connection to remote address[] result: true
936290 [NettyClientSelector_1] INFO  RocketmqRemoting - closeChannel: close the connection to remote address[] result: true
936296 [NettyClientSelector_1] INFO  RocketmqRemoting - closeChannel: close the connection to remote address[] result: true
966290 [NettyClientSelector_1] INFO  RocketmqRemoting - closeChannel: close the connection to remote address[] result: true
966297 [NettyClientSelector_1] INFO  RocketmqRemoting - closeChannel: close the connection to remote address[] result: true
996292 [NettyClientSelector_1] INFO  RocketmqRemoting - closeChannel: close the connection to remote address[] result: true
996299 [NettyClientSelector_1] INFO  RocketmqRemoting - closeChannel: close the connection to remote address[] result: true
1026292 [NettyClientSelector_1] INFO  RocketmqRemoting - closeChannel: close the connection to remote address[] result: true
1026299 [NettyClientSelector_1] INFO  RocketmqRemoting - closeChannel: close the connection to remote address[] result: true
1056292 [NettyClientSelector_1] INFO  RocketmqRemoting - closeChannel: close the connection to remote address[] result: true
1056297 [NettyClientSelector_1] INFO  RocketmqRemoting - closeChannel: close the connection to remote address[] result: true
1086292 [NettyClientSelector_1] INFO  RocketmqRemoting - closeChannel: close the connection to remote address[] result: true
1086298 [NettyClientSelector_1] INFO  RocketmqRemoting - closeChannel: close the connection to remote address[] result: true
1116293 [NettyClientSelector_1] INFO  RocketmqRemoting - closeChannel: close the connection to remote address[] result: true
1116300 [NettyClientSelector_1] INFO  RocketmqRemoting - closeChannel: close the connection to remote address[] result: true
1146300 [NettyClientSelector_1] INFO  RocketmqRemoting - closeChannel: close the connection to remote address[] result: true
1146307 [NettyClientSelector_1] INFO  RocketmqRemoting - closeChannel: close the connection to remote address[] result: true
1176297 [NettyClientSelector_1] INFO  RocketmqRemoting - closeChannel: close the connection to remote address[] result: true
1176306 [NettyClientSelector_1] INFO  RocketmqRemoting - closeChannel: close the connection to remote address[] result: true
1206288 [NettyClientSelector_1] INFO  RocketmqRemoting - closeChannel: close the connection to remote address[] result: true
1206295 [NettyClientSelector_1] INFO  RocketmqRemoting - closeChannel: close the connection to remote address[] result: true
1236286 [NettyClientSelector_1] INFO  RocketmqRemoting - closeChannel: close the connection to remote address[] result: true
1236293 [NettyClientSelector_1] INFO  RocketmqRemoting - closeChannel: close the connection to remote address[] result: true
1266287 [NettyClientSelector_1] INFO  RocketmqRemoting - closeChannel: close the connection to remote address[] result: true
1266295 [NettyClientSelector_1] INFO  RocketmqRemoting - closeChannel: close the connection to remote address[] result: true
1296286 [NettyClientSelector_1] INFO  RocketmqRemoting - closeChannel: close the connection to remote address[] result: true
1296295 [NettyClientSelector_1] INFO  RocketmqRemoting - closeChannel: close the connection to remote address[] result: true
1326287 [NettyClientSelector_1] INFO  RocketmqRemoting - closeChannel: close the connection to remote address[] result: true
1326296 [NettyClientSelector_1] INFO  RocketmqRemoting - closeChannel: close the connection to remote address[] result: true
1356291 [NettyClientSelector_1] INFO  RocketmqRemoting - closeChannel: close the connection to remote address[] result: true
1356297 [NettyClientSelector_1] INFO  RocketmqRemoting - closeChannel: close the connection to remote address[] result: true
1386291 [NettyClientSelector_1] INFO  RocketmqRemoting - closeChannel: close the connection to remote address[] result: true
1386299 [NettyClientSelector_1] INFO  RocketmqRemoting - closeChannel: close the connection to remote address[] result: true
1416292 [NettyClientSelector_1] INFO  RocketmqRemoting - closeChannel: close the connection to remote address[] result: true
1416297 [NettyClientSelector_1] INFO  RocketmqRemoting - closeChannel: close the connection to remote address[] result: true
1446291 [NettyClientSelector_1] INFO  RocketmqRemoting - closeChannel: close the connection to remote address[] result: true
1446300 [NettyClientSelector_1] INFO  RocketmqRemoting - closeChannel: close the connection to remote address[] result: true
1476287 [NettyClientSelector_1] INFO  RocketmqRemoting - closeChannel: close the connection to remote address[] result: true
1476295 [NettyClientSelector_1] INFO  RocketmqRemoting - closeChannel: close the connection to remote address[] result: true
1506289 [NettyClientSelector_1] INFO  RocketmqRemoting - closeChannel: close the connection to remote address[] result: true
1506292 [NettyClientSelector_1] INFO  RocketmqRemoting - closeChannel: close the connection to remote address[] result: true
1536286 [NettyClientSelector_1] INFO  RocketmqRemoting - closeChannel: close the connection to remote address[] result: true
1536294 [NettyClientSelector_1] INFO  RocketmqRemoting - closeChannel: close the connection to remote address[] result: true
1566291 [NettyClientSelector_1] INFO  RocketmqRemoting - closeChannel: close the connection to remote address[] result: true
1566294 [NettyClientSelector_1] INFO  RocketmqRemoting - closeChannel: close the connection to remote address[] result: true
1596286 [NettyClientSelector_1] INFO  RocketmqRemoting - closeChannel: close the connection to remote address[] result: true
1596294 [NettyClientSelector_1] INFO  RocketmqRemoting - closeChannel: close the connection to remote address[] result: true
1626288 [NettyClientSelector_1] INFO  RocketmqRemoting - closeChannel: close the connection to remote address[] result: true
1626294 [NettyClientSelector_1] INFO  RocketmqRemoting - closeChannel: close the connection to remote address[] result: true
1656289 [NettyClientSelector_1] INFO  RocketmqRemoting - closeChannel: close the connection to remote address[] result: true
1656294 [NettyClientSelector_1] INFO  RocketmqRemoting - closeChannel: close the connection to remote address[] result: true
1686289 [NettyClientSelector_1] INFO  RocketmqRemoting - closeChannel: close the connection to remote address[] result: true
1686296 [NettyClientSelector_1] INFO  RocketmqRemoting - closeChannel: close the connection to remote address[] result: true
1716290 [NettyClientSelector_1] INFO  RocketmqRemoting - closeChannel: close the connection to remote address[] result: true
1716295 [NettyClientSelector_1] INFO  RocketmqRemoting - closeChannel: close the connection to remote address[] result: true
1746291 [NettyClientSelector_1] INFO  RocketmqRemoting - closeChannel: close the connection to remote address[] result: true
1746298 [NettyClientSelector_1] INFO  RocketmqRemoting - closeChannel: close the connection to remote address[] result: true
1776294 [NettyClientSelector_1] INFO  RocketmqRemoting - closeChannel: close the connection to remote address[] result: true
1776310 [NettyClientSelector_1] INFO  RocketmqRemoting - closeChannel: close the connection to remote address[] result: true
1806273 [NettyClientSelector_1] INFO  RocketmqRemoting - closeChannel: close the connection to remote address[] result: true
1806283 [NettyClientSelector_1] INFO  RocketmqRemoting - closeChannel: close the connection to remote address[] result: true
1836271 [NettyClientSelector_1] INFO  RocketmqRemoting - closeChannel: close the connection to remote address[] result: true
1836277 [NettyClientSelector_1] INFO  RocketmqRemoting - closeChannel: close the connection to remote address[] result: true
1866273 [NettyClientSelector_1] INFO  RocketmqRemoting - closeChannel: close the connection to remote address[] result: true
1866278 [NettyClientSelector_1] INFO  RocketmqRemoting - closeChannel: close the connection to remote address[] result: true
1896270 [NettyClientSelector_1] INFO  RocketmqRemoting - closeChannel: close the connection to remote address[] result: true
1896280 [NettyClientSelector_1] INFO  RocketmqRemoting - closeChannel: close the connection to remote address[] result: true
1926270 [NettyClientSelector_1] INFO  RocketmqRemoting - closeChannel: close the connection to remote address[] result: true
1926277 [NettyClientSelector_1] INFO  RocketmqRemoting - closeChannel: close the connection to remote address[] result: true
1956271 [NettyClientSelector_1] INFO  RocketmqRemoting - closeChannel: close the connection to remote address[] result: true
1956314 [NettyClientSelector_1] INFO  RocketmqRemoting - closeChannel: close the connection to remote address[] result: true
1986271 [NettyClientSelector_1] INFO  RocketmqRemoting - closeChannel: close the connection to remote address[] result: true
1986278 [NettyClientSelector_1] INFO  RocketmqRemoting - closeChannel: close the connection to remote address[] result: true
2016270 [NettyClientSelector_1] INFO  RocketmqRemoting - closeChannel: close the connection to remote address[] result: true
2016278 [NettyClientSelector_1] INFO  RocketmqRemoting - closeChannel: close the connection to remote address[] result: true
2046267 [NettyClientSelector_1] INFO  RocketmqRemoting - closeChannel: close the connection to remote address[] result: true
2046273 [NettyClientSelector_1] INFO  RocketmqRemoting - closeChannel: close the connection to remote address[] result: true
2076269 [NettyClientSelector_1] INFO  RocketmqRemoting - closeChannel: close the connection to remote address[] result: true
2076280 [NettyClientSelector_1] INFO  RocketmqRemoting - closeChannel: close the connection to remote address[] result: true
2106271 [NettyClientSelector_1] INFO  RocketmqRemoting - closeChannel: close the connection to remote address[] result: true
2106275 [NettyClientSelector_1] INFO  RocketmqRemoting - closeChannel: close the connection to remote address[] result: true
2136273 [NettyClientSelector_1] INFO  RocketmqRemoting - closeChannel: close the connection to remote address[] result: true
2136277 [NettyClientSelector_1] INFO  RocketmqRemoting - closeChannel: close the connection to remote address[] result: true
2166270 [NettyClientSelector_1] INFO  RocketmqRemoting - closeChannel: close the connection to remote address[] result: true
2166279 [NettyClientSelector_1] INFO  RocketmqRemoting - closeChannel: close the connection to remote address[] result: true
2196271 [NettyClientSelector_1] INFO  RocketmqRemoting - closeChannel: close the connection to remote address[] result: true
2196278 [NettyClientSelector_1] INFO  RocketmqRemoting - closeChannel: close the connection to remote address[] result: true
2226270 [NettyClientSelector_1] INFO  RocketmqRemoting - closeChannel: close the connection to remote address[] result: true
2226279 [NettyClientSelector_1] INFO  RocketmqRemoting - closeChannel: close the connection to remote address[] result: true
2256272 [NettyClientSelector_1] INFO  RocketmqRemoting - closeChannel: close the connection to remote address[] result: true
2256278 [NettyClientSelector_1] INFO  RocketmqRemoting - closeChannel: close the connection to remote address[] result: true
2286271 [NettyClientSelector_1] INFO  RocketmqRemoting - closeChannel: close the connection to remote address[] result: true
2286278 [NettyClientSelector_1] INFO  RocketmqRemoting - closeChannel: close the connection to remote address[] result: true
2316265 [NettyClientSelector_1] INFO  RocketmqRemoting - closeChannel: close the connection to remote address[] result: true
2316271 [NettyClientSelector_1] INFO  RocketmqRemoting - closeChannel: close the connection to remote address[] result: true
2346265 [NettyClientSelector_1] INFO  RocketmqRemoting - closeChannel: close the connection to remote address[] result: true
2346270 [NettyClientSelector_1] INFO  RocketmqRemoting - closeChannel: close the connection to remote address[] result: true
2376266 [NettyClientSelector_1] INFO  RocketmqRemoting - closeChannel: close the connection to remote address[] result: true
2376276 [NettyClientSelector_1] INFO  RocketmqRemoting - closeChannel: close the connection to remote address[] result: true
2406271 [NettyClientSelector_1] INFO  RocketmqRemoting - closeChannel: close the connection to remote address[] result: true
2406274 [NettyClientSelector_1] INFO  RocketmqRemoting - closeChannel: close the connection to remote address[] result: true
2436271 [NettyClientSelector_1] INFO  RocketmqRemoting - closeChannel: close the connection to remote address[] result: true
2436275 [NettyClientSelector_1] INFO  RocketmqRemoting - closeChannel: close the connection to remote address[] result: true
2466265 [NettyClientSelector_1] INFO  RocketmqRemoting - closeChannel: close the connection to remote address[] result: true
2466274 [NettyClientSelector_1] INFO  RocketmqRemoting - closeChannel: close the connection to remote address[] result: true
2496274 [NettyClientSelector_1] INFO  RocketmqRemoting - closeChannel: close the connection to remote address[] result: true
2496277 [NettyClientSelector_1] INFO  RocketmqRemoting - closeChannel: close the connection to remote address[] result: true
2526271 [NettyClientSelector_1] INFO  RocketmqRemoting - closeChannel: close the connection to remote address[] result: true
2526275 [NettyClientSelector_1] INFO  RocketmqRemoting - closeChannel: close the connection to remote address[] result: true
2556271 [NettyClientSelector_1] INFO  RocketmqRemoting - closeChannel: close the connection to remote address[] result: true
2556276 [NettyClientSelector_1] INFO  RocketmqRemoting - closeChannel: close the connection to remote address[] result: true
2586277 [NettyClientSelector_1] INFO  RocketmqRemoting - closeChannel: close the connection to remote address[] result: true
2586281 [NettyClientSelector_1] INFO  RocketmqRemoting - closeChannel: close the connection to remote address[] result: true
2616274 [NettyClientSelector_1] INFO  RocketmqRemoting - closeChannel: close the connection to remote address[] result: true
2616279 [NettyClientSelector_1] INFO  RocketmqRemoting - closeChannel: close the connection to remote address[] result: true
2646271 [NettyClientSelector_1] INFO  RocketmqRemoting - closeChannel: close the connection to remote address[] result: true
2646291 [NettyClientSelector_1] INFO  RocketmqRemoting - closeChannel: close the connection to remote address[] result: true
2676287 [NettyClientSelector_1] INFO  RocketmqRemoting - closeChannel: close the connection to remote address[] result: true
2676283 [NettyClientSelector_1] INFO  RocketmqRemoting - closeChannel: close the connection to remote address[] result: true
2706274 [NettyClientSelector_1] INFO  RocketmqRemoting - closeChannel: close the connection to remote address[] result: true
2706279 [NettyClientSelector_1] INFO  RocketmqRemoting - closeChannel: close the connection to remote address[] result: true
2736283 [NettyClientSelector_1] INFO  RocketmqRemoting - closeChannel: close the connection to remote address[] result: true
2736288 [NettyClientSelector_1] INFO  RocketmqRemoting - closeChannel: close the connection to remote address[] result: true
2766285 [NettyClientSelector_1] INFO  RocketmqRemoting - closeChannel: close the connection to remote address[] result: true
2766292 [NettyClientSelector_1] INFO  RocketmqRemoting - closeChannel: close the connection to remote address[] result: true
2796288 [NettyClientSelector_1] INFO  RocketmqRemoting - closeChannel: close the connection to remote address[] result: true
2796296 [NettyClientSelector_1] INFO  RocketmqRemoting - closeChannel: close the connection to remote address[] result: true
2826292 [NettyClientSelector_1] INFO  RocketmqRemoting - closeChannel: close the connection to remote address[] result: true
2826301 [NettyClientSelector_1] INFO  RocketmqRemoting - closeChannel: close the connection to remote address[] result: true
2856292 [NettyClientSelector_1] INFO  RocketmqRemoting - closeChannel: close the connection to remote address[] result: true
2856295 [NettyClientSelector_1] INFO  RocketmqRemoting - closeChannel: close the connection to remote address[] result: true
2886291 [NettyClientSelector_1] INFO  RocketmqRemoting - closeChannel: close the connection to remote address[] result: true
2886298 [NettyClientSelector_1] INFO  RocketmqRemoting - closeChannel: close the connection to remote address[] result: true
2916294 [NettyClientSelector_1] INFO  RocketmqRemoting - closeChannel: close the connection to remote address[] result: true
2916300 [NettyClientSelector_1] INFO  RocketmqRemoting - closeChannel: close the connection to remote address[] result: true
2946296 [NettyClientSelector_1] INFO  RocketmqRemoting - closeChannel: close the connection to remote address[] result: true
2946300 [NettyClientSelector_1] INFO  RocketmqRemoting - closeChannel: close the connection to remote address[] result: true
2976293 [NettyClientSelector_1] INFO  RocketmqRemoting - closeChannel: close the connection to remote address[] result: true
2976301 [NettyClientSelector_1] INFO  RocketmqRemoting - closeChannel: close the connection to remote address[] result: true
3006292 [NettyClientSelector_1] INFO  RocketmqRemoting - closeChannel: close the connection to remote address[] result: true
3006299 [NettyClientSelector_1] INFO  RocketmqRemoting - closeChannel: close the connection to remote address[] result: true
3036297 [NettyClientSelector_1] INFO  RocketmqRemoting - closeChannel: close the connection to remote address[] result: true
3036302 [NettyClientSelector_1] INFO  RocketmqRemoting - closeChannel: close the connection to remote address[] result: true
3066290 [NettyClientSelector_1] INFO  RocketmqRemoting - closeChannel: close the connection to remote address[] result: true
3066299 [NettyClientSelector_1] INFO  RocketmqRemoting - closeChannel: close the connection to remote address[] result: true
3096290 [NettyClientSelector_1] INFO  RocketmqRemoting - closeChannel: close the connection to remote address[] result: true
3096295 [NettyClientSelector_1] INFO  RocketmqRemoting - closeChannel: close the connection to remote address[] result: true
3126288 [NettyClientSelector_1] INFO  RocketmqRemoting - closeChannel: close the connection to remote address[] result: true
3126294 [NettyClientSelector_1] INFO  RocketmqRemoting - closeChannel: close the connection to remote address[] result: true
3156289 [NettyClientSelector_1] INFO  RocketmqRemoting - closeChannel: close the connection to remote address[] result: true
3156294 [NettyClientSelector_1] INFO  RocketmqRemoting - closeChannel: close the connection to remote address[] result: true
3186291 [NettyClientSelector_1] INFO  RocketmqRemoting - closeChannel: close the connection to remote address[] result: true
3186296 [NettyClientSelector_1] INFO  RocketmqRemoting - closeChannel: close the connection to remote address[] result: true
3216290 [NettyClientSelector_1] INFO  RocketmqRemoting - closeChannel: close the connection to remote address[] result: true
3216296 [NettyClientSelector_1] INFO  RocketmqRemoting - closeChannel: close the connection to remote address[] result: true
3246291 [NettyClientSelector_1] INFO  RocketmqRemoting - closeChannel: close the connection to remote address[] result: true
3246298 [NettyClientSelector_1] INFO  RocketmqRemoting - closeChannel: close the connection to remote address[] result: true
3276291 [NettyClientSelector_1] INFO  RocketmqRemoting - closeChannel: close the connection to remote address[] result: true
3276300 [NettyClientSelector_1] INFO  RocketmqRemoting - closeChannel: close the connection to remote address[] result: true
3306290 [NettyClientSelector_1] INFO  RocketmqRemoting - closeChannel: close the connection to remote address[] result: true
3306299 [NettyClientSelector_1] INFO  RocketmqRemoting - closeChannel: close the connection to remote address[] result: true
3336287 [NettyClientSelector_1] INFO  RocketmqRemoting - closeChannel: close the connection to remote address[] result: true
3336293 [NettyClientSelector_1] INFO  RocketmqRemoting - closeChannel: close the connection to remote address[] result: true
3366291 [NettyClientSelector_1] INFO  RocketmqRemoting - closeChannel: close the connection to remote address[] result: true
3366297 [NettyClientSelector_1] INFO  RocketmqRemoting - closeChannel: close the connection to remote address[] result: true
3396287 [NettyClientSelector_1] INFO  RocketmqRemoting - closeChannel: close the connection to remote address[] result: true
3396295 [NettyClientSelector_1] INFO  RocketmqRemoting - closeChannel: close the connection to remote address[] result: true
3426294 [NettyClientSelector_1] INFO  RocketmqRemoting - closeChannel: close the connection to remote address[] result: true
3426300 [NettyClientSelector_1] INFO  RocketmqRemoting - closeChannel: close the connection to remote address[] result: true
3456290 [NettyClientSelector_1] INFO  RocketmqRemoting - closeChannel: close the connection to remote address[] result: true
3456298 [NettyClientSelector_1] INFO  RocketmqRemoting - closeChannel: close the connection to remote address[] result: true
3486294 [NettyClientSelector_1] INFO  RocketmqRemoting - closeChannel: close the connection to remote address[] result: true
3486305 [NettyClientSelector_1] INFO  RocketmqRemoting - closeChannel: close the connection to remote address[] result: true
3516292 [NettyClientSelector_1] INFO  RocketmqRemoting - closeChannel: close the connection to remote address[] result: true
3516302 [NettyClientSelector_1] INFO  RocketmqRemoting - closeChannel: close the connection to remote address[] result: true
3546294 [NettyClientSelector_1] INFO  RocketmqRemoting - closeChannel: close the connection to remote address[] result: true
3546305 [NettyClientSelector_1] INFO  RocketmqRemoting - closeChannel: close the connection to remote address[] result: true
3576300 [NettyClientSelector_1] INFO  RocketmqRemoting - closeChannel: close the connection to remote address[] result: true
3576304 [NettyClientSelector_1] INFO  RocketmqRemoting - closeChannel: close the connection to remote address[] result: true
3606293 [NettyClientSelector_1] INFO  RocketmqRemoting - closeChannel: close the connection to remote address[] result: true
3606300 [NettyClientSelector_1] INFO  RocketmqRemoting - closeChannel: close the connection to remote address[] result: true
3636289 [NettyClientSelector_1] INFO  RocketmqRemoting - closeChannel: close the connection to remote address[] result: true
3636297 [NettyClientSelector_1] INFO  RocketmqRemoting - closeChannel: close the connection to remote address[] result: true
3666290 [NettyClientSelector_1] INFO  RocketmqRemoting - closeChannel: close the connection to remote address[] result: true
3666297 [NettyClientSelector_1] INFO  RocketmqRemoting - closeChannel: close the connection to remote address[] result: true
3696297 [NettyClientSelector_1] INFO  RocketmqRemoting - closeChannel: close the connection to remote address[] result: true
3696300 [NettyClientSelector_1] INFO  RocketmqRemoting - closeChannel: close the connection to remote address[] result: true
3726295 [NettyClientSelector_1] INFO  RocketmqRemoting - closeChannel: close the connection to remote address[] result: true
3726305 [NettyClientSelector_1] INFO  RocketmqRemoting - closeChannel: close the connection to remote address[] result: true
3756291 [NettyClientSelector_1] INFO  RocketmqRemoting - closeChannel: close the connection to remote address[] result: true
3756298 [NettyClientSelector_1] INFO  RocketmqRemoting - closeChannel: close the connection to remote address[] result: true
3786293 [NettyClientSelector_1] INFO  RocketmqRemoting - closeChannel: close the connection to remote address[] result: true
3786297 [NettyClientSelector_1] INFO  RocketmqRemoting - closeChannel: close the connection to remote address[] result: true
3816306 [NettyClientSelector_1] INFO  RocketmqRemoting - closeChannel: close the connection to remote address[] result: true
3816331 [NettyClientSelector_1] INFO  RocketmqRemoting - closeChannel: close the connection to remote address[] result: true
3846300 [NettyClientSelector_1] INFO  RocketmqRemoting - closeChannel: close the connection to remote address[] result: true
3846303 [NettyClientSelector_1] INFO  RocketmqRemoting - closeChannel: close the connection to remote address[] result: true
3876292 [NettyClientSelector_1] INFO  RocketmqRemoting - closeChannel: close the connection to remote address[] result: true
3876302 [NettyClientSelector_1] INFO  RocketmqRemoting - closeChannel: close the connection to remote address[] result: true
3906287 [NettyClientSelector_1] INFO  RocketmqRemoting - closeChannel: close the connection to remote address[] result: true
3906297 [NettyClientSelector_1] INFO  RocketmqRemoting - closeChannel: close the connection to remote address[] result: true
3911984 [Thread-4] WARN  c.a.n.c.http.HttpClientBeanHolder - [HttpClientBeanHolder] Start destroying common HttpClient
3911986 [Thread-34] WARN  c.a.n.common.notify.NotifyCenter - [NotifyCenter] Start destroying Publisher
3911988 [Thread-34] WARN  c.a.n.common.notify.NotifyCenter - [NotifyCenter] Destruction of the end
3912008 [Thread-4] WARN  c.a.n.c.http.HttpClientBeanHolder - [HttpClientBeanHolder] Destruction of the end
3913374 [SpringContextShutdownHook] INFO  o.s.s.c.ThreadPoolTaskScheduler - Shutting down ExecutorService 'Nacos-Watch-Task-Scheduler'
3914027 [SpringContextShutdownHook] INFO  c.a.druid.pool.DruidDataSource - {dataSource-1} closing ...
3914245 [SpringContextShutdownHook] INFO  c.a.druid.pool.DruidDataSource - {dataSource-1} closed
3914249 [SpringContextShutdownHook] INFO  c.a.c.n.r.NacosServiceRegistry - De-registering from Nacos Server now...
3914251 [SpringContextShutdownHook] INFO  com.alibaba.nacos.client.naming - [BEAT] removing beat: DEFAULT_GROUP@@provider:192.168.0.120:9102 from beat map.
3914252 [SpringContextShutdownHook] INFO  com.alibaba.nacos.client.naming - [DEREGISTER-SERVICE] public deregistering service DEFAULT_GROUP@@provider with instance: Instance{instanceId='null', ip='192.168.0.120', port=9102, weight=1.0, healthy=true, enabled=true, ephemeral=true, clusterName='DEFAULT', serviceName='null', metadata={}}
3914282 [SpringContextShutdownHook] INFO  c.a.c.n.r.NacosServiceRegistry - De-registration finished.
3914282 [SpringContextShutdownHook] INFO  com.alibaba.nacos.client.naming - com.alibaba.nacos.client.naming.beat.BeatReactor do shutdown begin
3914474 [SpringContextShutdownHook] INFO  com.alibaba.nacos.client.naming - com.alibaba.nacos.client.naming.beat.BeatReactor do shutdown stop
3914475 [SpringContextShutdownHook] INFO  com.alibaba.nacos.client.naming - com.alibaba.nacos.client.naming.core.HostReactor do shutdown begin
3917493 [SpringContextShutdownHook] INFO  com.alibaba.nacos.client.naming - com.alibaba.nacos.client.naming.core.PushReceiver do shutdown begin
