638  [background-preinit] INFO  o.h.validator.internal.util.Version - HV000001: Hibernate Validator 6.1.7.Final
1177 [main] INFO  o.s.c.a.n.c.NacosPropertySourceBuilder - Loading nacos data, dataId: 'ware-service-dev.yml', group: 'DEFAULT_GROUP'
1189 [main] INFO  o.s.c.b.c.PropertySourceBootstrapConfiguration - Located property source: [BootstrapPropertySource {name='bootstrapProperties-ware-service-dev.yml'}, BootstrapPropertySource {name='bootstrapProperties-ware-service.yml'}]
1207 [main] INFO  c.chengming.WareServiceApplication - The following profiles are active: dev
3115 [main] INFO  o.s.d.r.c.RepositoryConfigurationDelegate - Multiple Spring Data modules found, entering strict repository configuration mode!
3120 [main] INFO  o.s.d.r.c.RepositoryConfigurationDelegate - Bootstrapping Spring Data Redis repositories in DEFAULT mode.
3172 [main] INFO  o.s.d.r.c.RepositoryConfigurationDelegate - Finished Spring Data repository scanning in 13 ms. Found 0 Redis repository interfaces.
3699 [main] INFO  o.s.c.context.scope.GenericScope - BeanFactory id=b02452e0-d451-31f4-9d44-dd2432a7ef24
4047 [main] INFO  o.s.c.s.PostProcessorRegistrationDelegate$BeanPostProcessorChecker - Bean 'org.springframework.cloud.client.loadbalancer.reactive.LoadBalancerBeanPostProcessorAutoConfiguration' of type [org.springframework.cloud.client.loadbalancer.reactive.LoadBalancerBeanPostProcessorAutoConfiguration] is not eligible for getting processed by all BeanPostProcessors (for example: not eligible for auto-proxying)
4050 [main] INFO  o.s.c.s.PostProcessorRegistrationDelegate$BeanPostProcessorChecker - Bean 'org.springframework.cloud.client.loadbalancer.reactive.LoadBalancerBeanPostProcessorAutoConfiguration$ReactorDeferringLoadBalancerFilterConfig' of type [org.springframework.cloud.client.loadbalancer.reactive.LoadBalancerBeanPostProcessorAutoConfiguration$ReactorDeferringLoadBalancerFilterConfig] is not eligible for getting processed by all BeanPostProcessors (for example: not eligible for auto-proxying)
4053 [main] INFO  o.s.c.s.PostProcessorRegistrationDelegate$BeanPostProcessorChecker - Bean 'reactorDeferringLoadBalancerExchangeFilterFunction' of type [org.springframework.cloud.client.loadbalancer.reactive.DeferringLoadBalancerExchangeFilterFunction] is not eligible for getting processed by all BeanPostProcessors (for example: not eligible for auto-proxying)
4363 [main] INFO  o.s.b.w.e.tomcat.TomcatWebServer - Tomcat initialized with port(s): 9102 (http)
4374 [main] INFO  o.a.coyote.http11.Http11NioProtocol - Initializing ProtocolHandler ["http-nio-9102"]
4375 [main] INFO  o.a.catalina.core.StandardService - Starting service [Tomcat]
4376 [main] INFO  o.a.catalina.core.StandardEngine - Starting Servlet engine: [Apache Tomcat/9.0.44]
4503 [main] INFO  o.a.c.c.C.[Tomcat].[localhost].[/] - Initializing Spring embedded WebApplicationContext
4504 [main] INFO  o.s.b.w.s.c.ServletWebServerApplicationContext - Root WebApplicationContext: initialization completed in 3279 ms
4765 [main] WARN  o.s.b.actuate.endpoint.EndpointId - Endpoint ID 'nacos-config' contains invalid characters, please migrate to a valid format.
5293 [main] INFO  com.alibaba.nacos.client.naming - initializer namespace from System Property :null
5294 [main] INFO  com.alibaba.nacos.client.naming - initializer namespace from System Environment :null
5295 [main] INFO  com.alibaba.nacos.client.naming - initializer namespace from System Property :null
5347 [main] INFO  c.a.d.s.b.a.DruidDataSourceAutoConfigure - Init DruidDataSource
5990 [main] INFO  c.a.druid.pool.DruidDataSource - {dataSource-1} inited
8063 [main] INFO  o.s.b.a.e.web.EndpointLinksResolver - Exposing 19 endpoint(s) beneath base path '/actuator'
8193 [main] INFO  s.d.s.w.PropertySourcedRequestMappingHandlerMapping - Mapped URL path [/v2/api-docs] onto method [springfox.documentation.swagger2.web.Swagger2Controller#getDocumentation(String, HttpServletRequest)]
8460 [main] INFO  o.s.s.c.ThreadPoolTaskExecutor - Initializing ExecutorService 'applicationTaskExecutor'
8675 [main] INFO  o.s.s.c.ThreadPoolTaskScheduler - Initializing ExecutorService 'Nacos-Watch-Task-Scheduler'
9137 [NettyClientSelector_1] INFO  RocketmqRemoting - closeChannel: close the connection to remote address[] result: true
9137 [NettyClientSelector_1] INFO  RocketmqRemoting - closeChannel: close the connection to remote address[] result: true
9952 [main] WARN  o.s.c.l.c.LoadBalancerCacheAutoConfiguration$LoadBalancerCaffeineWarnLogger - Spring Cloud LoadBalancer is currently working with the default cache. You can switch to using Caffeine cache, by adding it and org.springframework.cache.caffeine.CaffeineCacheManager to the classpath.
10279 [main] INFO  o.a.coyote.http11.Http11NioProtocol - Starting ProtocolHandler ["http-nio-9102"]
10297 [main] INFO  o.s.b.w.e.tomcat.TomcatWebServer - Tomcat started on port(s): 9102 (http) with context path ''
10305 [main] INFO  com.alibaba.nacos.client.naming - [BEAT] adding beat: BeatInfo{port=9102, ip='192.168.0.120', weight=1.0, serviceName='DEFAULT_GROUP@@ware-service', cluster='DEFAULT', metadata={preserved.register.source=SPRING_CLOUD}, scheduled=false, period=5000, stopped=false} to beat map.
10306 [main] INFO  com.alibaba.nacos.client.naming - [REGISTER-SERVICE] public registering service DEFAULT_GROUP@@ware-service with instance: Instance{instanceId='null', ip='192.168.0.120', port=9102, weight=1.0, healthy=true, enabled=true, ephemeral=true, clusterName='DEFAULT', serviceName='null', metadata={preserved.register.source=SPRING_CLOUD}}
10312 [main] INFO  c.a.c.n.r.NacosServiceRegistry - nacos registry, DEFAULT_GROUP ware-service 192.168.0.120:9102 register finished
10315 [main] INFO  s.d.s.w.p.DocumentationPluginsBootstrapper - Context refreshed
10342 [main] INFO  s.d.s.w.p.DocumentationPluginsBootstrapper - Found 1 custom documentation plugin(s)
10401 [main] INFO  s.d.s.w.s.ApiListingReferenceScanner - Scanning for api listing references
10585 [main] INFO  c.chengming.WareServiceApplication - Started WareServiceApplication in 10.395 seconds (JVM running for 11.681)
10596 [main] INFO  c.a.n.c.config.impl.ClientWorker - [fixed-localhost_8848] [subscribe] ware-service.yml+DEFAULT_GROUP
10597 [main] INFO  c.a.n.client.config.impl.CacheData - [fixed-localhost_8848] [add-listener] ok, tenant=, dataId=ware-service.yml, group=DEFAULT_GROUP, cnt=1
10598 [main] INFO  c.a.n.c.config.impl.ClientWorker - [fixed-localhost_8848] [subscribe] ware-service-dev.yml+DEFAULT_GROUP
10598 [main] INFO  c.a.n.client.config.impl.CacheData - [fixed-localhost_8848] [add-listener] ok, tenant=, dataId=ware-service-dev.yml, group=DEFAULT_GROUP, cnt=1
10961 [http-nio-9102-exec-1] INFO  o.a.c.c.C.[Tomcat].[localhost].[/] - Initializing Spring DispatcherServlet 'dispatcherServlet'
10961 [http-nio-9102-exec-1] INFO  o.s.web.servlet.DispatcherServlet - Initializing Servlet 'dispatcherServlet'
10964 [http-nio-9102-exec-1] INFO  o.s.web.servlet.DispatcherServlet - Completed initialization in 3 ms
12751 [com.alibaba.nacos.client.naming.updater] INFO  com.alibaba.nacos.client.naming - new ips(1) service: DEFAULT_GROUP@@ware-service@@DEFAULT -> [{"instanceId":"192.168.0.120#9102#DEFAULT#DEFAULT_GROUP@@ware-service","ip":"192.168.0.120","port":9102,"weight":1.0,"healthy":true,"enabled":true,"ephemeral":true,"clusterName":"DEFAULT","serviceName":"DEFAULT_GROUP@@ware-service","metadata":{"preserved.register.source":"SPRING_CLOUD"},"instanceHeartBeatInterval":5000,"instanceHeartBeatTimeOut":15000,"ipDeleteTimeout":30000}]
12774 [com.alibaba.nacos.client.naming.updater] INFO  com.alibaba.nacos.client.naming - current ips:(1) service: DEFAULT_GROUP@@ware-service@@DEFAULT -> [{"instanceId":"192.168.0.120#9102#DEFAULT#DEFAULT_GROUP@@ware-service","ip":"192.168.0.120","port":9102,"weight":1.0,"healthy":true,"enabled":true,"ephemeral":true,"clusterName":"DEFAULT","serviceName":"DEFAULT_GROUP@@ware-service","metadata":{"preserved.register.source":"SPRING_CLOUD"},"instanceHeartBeatInterval":5000,"instanceHeartBeatTimeOut":15000,"ipDeleteTimeout":30000}]
39020 [NettyClientSelector_1] INFO  RocketmqRemoting - closeChannel: close the connection to remote address[] result: true
39020 [NettyClientSelector_1] INFO  RocketmqRemoting - closeChannel: close the connection to remote address[] result: true
69010 [NettyClientSelector_1] INFO  RocketmqRemoting - closeChannel: close the connection to remote address[] result: true
69013 [NettyClientSelector_1] INFO  RocketmqRemoting - closeChannel: close the connection to remote address[] result: true
99007 [NettyClientSelector_1] INFO  RocketmqRemoting - closeChannel: close the connection to remote address[] result: true
99015 [NettyClientSelector_1] INFO  RocketmqRemoting - closeChannel: close the connection to remote address[] result: true
129010 [NettyClientSelector_1] INFO  RocketmqRemoting - closeChannel: close the connection to remote address[] result: true
129018 [NettyClientSelector_1] INFO  RocketmqRemoting - closeChannel: close the connection to remote address[] result: true
159011 [NettyClientSelector_1] INFO  RocketmqRemoting - closeChannel: close the connection to remote address[] result: true
159020 [NettyClientSelector_1] INFO  RocketmqRemoting - closeChannel: close the connection to remote address[] result: true
189012 [NettyClientSelector_1] INFO  RocketmqRemoting - closeChannel: close the connection to remote address[] result: true
189019 [NettyClientSelector_1] INFO  RocketmqRemoting - closeChannel: close the connection to remote address[] result: true
219012 [NettyClientSelector_1] INFO  RocketmqRemoting - closeChannel: close the connection to remote address[] result: true
219021 [NettyClientSelector_1] INFO  RocketmqRemoting - closeChannel: close the connection to remote address[] result: true
249014 [NettyClientSelector_1] INFO  RocketmqRemoting - closeChannel: close the connection to remote address[] result: true
249021 [NettyClientSelector_1] INFO  RocketmqRemoting - closeChannel: close the connection to remote address[] result: true
279017 [NettyClientSelector_1] INFO  RocketmqRemoting - closeChannel: close the connection to remote address[] result: true
279024 [NettyClientSelector_1] INFO  RocketmqRemoting - closeChannel: close the connection to remote address[] result: true
309016 [NettyClientSelector_1] INFO  RocketmqRemoting - closeChannel: close the connection to remote address[] result: true
309024 [NettyClientSelector_1] INFO  RocketmqRemoting - closeChannel: close the connection to remote address[] result: true
339016 [NettyClientSelector_1] INFO  RocketmqRemoting - closeChannel: close the connection to remote address[] result: true
339022 [NettyClientSelector_1] INFO  RocketmqRemoting - closeChannel: close the connection to remote address[] result: true
369006 [NettyClientSelector_1] INFO  RocketmqRemoting - closeChannel: close the connection to remote address[] result: true
369017 [NettyClientSelector_1] INFO  RocketmqRemoting - closeChannel: close the connection to remote address[] result: true
398998 [NettyClientSelector_1] INFO  RocketmqRemoting - closeChannel: close the connection to remote address[] result: true
399007 [NettyClientSelector_1] INFO  RocketmqRemoting - closeChannel: close the connection to remote address[] result: true
428988 [NettyClientSelector_1] INFO  RocketmqRemoting - closeChannel: close the connection to remote address[] result: true
428997 [NettyClientSelector_1] INFO  RocketmqRemoting - closeChannel: close the connection to remote address[] result: true
458988 [NettyClientSelector_1] INFO  RocketmqRemoting - closeChannel: close the connection to remote address[] result: true
458995 [NettyClientSelector_1] INFO  RocketmqRemoting - closeChannel: close the connection to remote address[] result: true
488981 [NettyClientSelector_1] INFO  RocketmqRemoting - closeChannel: close the connection to remote address[] result: true
488989 [NettyClientSelector_1] INFO  RocketmqRemoting - closeChannel: close the connection to remote address[] result: true
518982 [NettyClientSelector_1] INFO  RocketmqRemoting - closeChannel: close the connection to remote address[] result: true
518991 [NettyClientSelector_1] INFO  RocketmqRemoting - closeChannel: close the connection to remote address[] result: true
548984 [NettyClientSelector_1] INFO  RocketmqRemoting - closeChannel: close the connection to remote address[] result: true
548992 [NettyClientSelector_1] INFO  RocketmqRemoting - closeChannel: close the connection to remote address[] result: true
578989 [NettyClientSelector_1] INFO  RocketmqRemoting - closeChannel: close the connection to remote address[] result: true
578999 [NettyClientSelector_1] INFO  RocketmqRemoting - closeChannel: close the connection to remote address[] result: true
608986 [NettyClientSelector_1] INFO  RocketmqRemoting - closeChannel: close the connection to remote address[] result: true
608990 [NettyClientSelector_1] INFO  RocketmqRemoting - closeChannel: close the connection to remote address[] result: true
638983 [NettyClientSelector_1] INFO  RocketmqRemoting - closeChannel: close the connection to remote address[] result: true
638992 [NettyClientSelector_1] INFO  RocketmqRemoting - closeChannel: close the connection to remote address[] result: true
668983 [NettyClientSelector_1] INFO  RocketmqRemoting - closeChannel: close the connection to remote address[] result: true
668993 [NettyClientSelector_1] INFO  RocketmqRemoting - closeChannel: close the connection to remote address[] result: true
698987 [NettyClientSelector_1] INFO  RocketmqRemoting - closeChannel: close the connection to remote address[] result: true
698997 [NettyClientSelector_1] INFO  RocketmqRemoting - closeChannel: close the connection to remote address[] result: true
728989 [NettyClientSelector_1] INFO  RocketmqRemoting - closeChannel: close the connection to remote address[] result: true
728997 [NettyClientSelector_1] INFO  RocketmqRemoting - closeChannel: close the connection to remote address[] result: true
758992 [NettyClientSelector_1] INFO  RocketmqRemoting - closeChannel: close the connection to remote address[] result: true
758998 [NettyClientSelector_1] INFO  RocketmqRemoting - closeChannel: close the connection to remote address[] result: true
788991 [NettyClientSelector_1] INFO  RocketmqRemoting - closeChannel: close the connection to remote address[] result: true
789002 [NettyClientSelector_1] INFO  RocketmqRemoting - closeChannel: close the connection to remote address[] result: true
818990 [NettyClientSelector_1] INFO  RocketmqRemoting - closeChannel: close the connection to remote address[] result: true
818996 [NettyClientSelector_1] INFO  RocketmqRemoting - closeChannel: close the connection to remote address[] result: true
848991 [NettyClientSelector_1] INFO  RocketmqRemoting - closeChannel: close the connection to remote address[] result: true
848999 [NettyClientSelector_1] INFO  RocketmqRemoting - closeChannel: close the connection to remote address[] result: true
878994 [NettyClientSelector_1] INFO  RocketmqRemoting - closeChannel: close the connection to remote address[] result: true
879004 [NettyClientSelector_1] INFO  RocketmqRemoting - closeChannel: close the connection to remote address[] result: true
908989 [NettyClientSelector_1] INFO  RocketmqRemoting - closeChannel: close the connection to remote address[] result: true
909001 [NettyClientSelector_1] INFO  RocketmqRemoting - closeChannel: close the connection to remote address[] result: true
938992 [NettyClientSelector_1] INFO  RocketmqRemoting - closeChannel: close the connection to remote address[] result: true
939002 [NettyClientSelector_1] INFO  RocketmqRemoting - closeChannel: close the connection to remote address[] result: true
968993 [NettyClientSelector_1] INFO  RocketmqRemoting - closeChannel: close the connection to remote address[] result: true
969003 [NettyClientSelector_1] INFO  RocketmqRemoting - closeChannel: close the connection to remote address[] result: true
998992 [NettyClientSelector_1] INFO  RocketmqRemoting - closeChannel: close the connection to remote address[] result: true
998999 [NettyClientSelector_1] INFO  RocketmqRemoting - closeChannel: close the connection to remote address[] result: true
1028994 [NettyClientSelector_1] INFO  RocketmqRemoting - closeChannel: close the connection to remote address[] result: true
1029004 [NettyClientSelector_1] INFO  RocketmqRemoting - closeChannel: close the connection to remote address[] result: true
1058997 [NettyClientSelector_1] INFO  RocketmqRemoting - closeChannel: close the connection to remote address[] result: true
1059005 [NettyClientSelector_1] INFO  RocketmqRemoting - closeChannel: close the connection to remote address[] result: true
1088975 [NettyClientSelector_1] INFO  RocketmqRemoting - closeChannel: close the connection to remote address[] result: true
1088984 [NettyClientSelector_1] INFO  RocketmqRemoting - closeChannel: close the connection to remote address[] result: true
1118975 [NettyClientSelector_1] INFO  RocketmqRemoting - closeChannel: close the connection to remote address[] result: true
1118983 [NettyClientSelector_1] INFO  RocketmqRemoting - closeChannel: close the connection to remote address[] result: true
1148978 [NettyClientSelector_1] INFO  RocketmqRemoting - closeChannel: close the connection to remote address[] result: true
1148984 [NettyClientSelector_1] INFO  RocketmqRemoting - closeChannel: close the connection to remote address[] result: true
1178976 [NettyClientSelector_1] INFO  RocketmqRemoting - closeChannel: close the connection to remote address[] result: true
1178984 [NettyClientSelector_1] INFO  RocketmqRemoting - closeChannel: close the connection to remote address[] result: true
1208976 [NettyClientSelector_1] INFO  RocketmqRemoting - closeChannel: close the connection to remote address[] result: true
1208981 [NettyClientSelector_1] INFO  RocketmqRemoting - closeChannel: close the connection to remote address[] result: true
1238976 [NettyClientSelector_1] INFO  RocketmqRemoting - closeChannel: close the connection to remote address[] result: true
1238983 [NettyClientSelector_1] INFO  RocketmqRemoting - closeChannel: close the connection to remote address[] result: true
1268980 [NettyClientSelector_1] INFO  RocketmqRemoting - closeChannel: close the connection to remote address[] result: true
1268987 [NettyClientSelector_1] INFO  RocketmqRemoting - closeChannel: close the connection to remote address[] result: true
1298976 [NettyClientSelector_1] INFO  RocketmqRemoting - closeChannel: close the connection to remote address[] result: true
1298985 [NettyClientSelector_1] INFO  RocketmqRemoting - closeChannel: close the connection to remote address[] result: true
1328887 [NettyClientSelector_1] INFO  RocketmqRemoting - closeChannel: close the connection to remote address[] result: true
1328893 [NettyClientSelector_1] INFO  RocketmqRemoting - closeChannel: close the connection to remote address[] result: true
1358881 [NettyClientSelector_1] INFO  RocketmqRemoting - closeChannel: close the connection to remote address[] result: true
1358886 [NettyClientSelector_1] INFO  RocketmqRemoting - closeChannel: close the connection to remote address[] result: true
1388875 [NettyClientSelector_1] INFO  RocketmqRemoting - closeChannel: close the connection to remote address[] result: true
1388881 [NettyClientSelector_1] INFO  RocketmqRemoting - closeChannel: close the connection to remote address[] result: true
1418876 [NettyClientSelector_1] INFO  RocketmqRemoting - closeChannel: close the connection to remote address[] result: true
1418883 [NettyClientSelector_1] INFO  RocketmqRemoting - closeChannel: close the connection to remote address[] result: true
1448874 [NettyClientSelector_1] INFO  RocketmqRemoting - closeChannel: close the connection to remote address[] result: true
1448881 [NettyClientSelector_1] INFO  RocketmqRemoting - closeChannel: close the connection to remote address[] result: true
1478872 [NettyClientSelector_1] INFO  RocketmqRemoting - closeChannel: close the connection to remote address[] result: true
1478886 [NettyClientSelector_1] INFO  RocketmqRemoting - closeChannel: close the connection to remote address[] result: true
1508874 [NettyClientSelector_1] INFO  RocketmqRemoting - closeChannel: close the connection to remote address[] result: true
1508880 [NettyClientSelector_1] INFO  RocketmqRemoting - closeChannel: close the connection to remote address[] result: true
1538874 [NettyClientSelector_1] INFO  RocketmqRemoting - closeChannel: close the connection to remote address[] result: true
1538880 [NettyClientSelector_1] INFO  RocketmqRemoting - closeChannel: close the connection to remote address[] result: true
1568873 [NettyClientSelector_1] INFO  RocketmqRemoting - closeChannel: close the connection to remote address[] result: true
1568879 [NettyClientSelector_1] INFO  RocketmqRemoting - closeChannel: close the connection to remote address[] result: true
1598872 [NettyClientSelector_1] INFO  RocketmqRemoting - closeChannel: close the connection to remote address[] result: true
1598879 [NettyClientSelector_1] INFO  RocketmqRemoting - closeChannel: close the connection to remote address[] result: true
1628868 [NettyClientSelector_1] INFO  RocketmqRemoting - closeChannel: close the connection to remote address[] result: true
1628876 [NettyClientSelector_1] INFO  RocketmqRemoting - closeChannel: close the connection to remote address[] result: true
1658861 [NettyClientSelector_1] INFO  RocketmqRemoting - closeChannel: close the connection to remote address[] result: true
1658871 [NettyClientSelector_1] INFO  RocketmqRemoting - closeChannel: close the connection to remote address[] result: true
1688865 [NettyClientSelector_1] INFO  RocketmqRemoting - closeChannel: close the connection to remote address[] result: true
1688873 [NettyClientSelector_1] INFO  RocketmqRemoting - closeChannel: close the connection to remote address[] result: true
1718865 [NettyClientSelector_1] INFO  RocketmqRemoting - closeChannel: close the connection to remote address[] result: true
1718873 [NettyClientSelector_1] INFO  RocketmqRemoting - closeChannel: close the connection to remote address[] result: true
1748861 [NettyClientSelector_1] INFO  RocketmqRemoting - closeChannel: close the connection to remote address[] result: true
1748869 [NettyClientSelector_1] INFO  RocketmqRemoting - closeChannel: close the connection to remote address[] result: true
1778860 [NettyClientSelector_1] INFO  RocketmqRemoting - closeChannel: close the connection to remote address[] result: true
1778874 [NettyClientSelector_1] INFO  RocketmqRemoting - closeChannel: close the connection to remote address[] result: true
1808864 [NettyClientSelector_1] INFO  RocketmqRemoting - closeChannel: close the connection to remote address[] result: true
1808872 [NettyClientSelector_1] INFO  RocketmqRemoting - closeChannel: close the connection to remote address[] result: true
1838859 [NettyClientSelector_1] INFO  RocketmqRemoting - closeChannel: close the connection to remote address[] result: true
1838866 [NettyClientSelector_1] INFO  RocketmqRemoting - closeChannel: close the connection to remote address[] result: true
1868857 [NettyClientSelector_1] INFO  RocketmqRemoting - closeChannel: close the connection to remote address[] result: true
1868868 [NettyClientSelector_1] INFO  RocketmqRemoting - closeChannel: close the connection to remote address[] result: true
1898861 [NettyClientSelector_1] INFO  RocketmqRemoting - closeChannel: close the connection to remote address[] result: true
1898868 [NettyClientSelector_1] INFO  RocketmqRemoting - closeChannel: close the connection to remote address[] result: true
1928851 [NettyClientSelector_1] INFO  RocketmqRemoting - closeChannel: close the connection to remote address[] result: true
1928861 [NettyClientSelector_1] INFO  RocketmqRemoting - closeChannel: close the connection to remote address[] result: true
1958849 [NettyClientSelector_1] INFO  RocketmqRemoting - closeChannel: close the connection to remote address[] result: true
1958858 [NettyClientSelector_1] INFO  RocketmqRemoting - closeChannel: close the connection to remote address[] result: true
1988848 [NettyClientSelector_1] INFO  RocketmqRemoting - closeChannel: close the connection to remote address[] result: true
1988855 [NettyClientSelector_1] INFO  RocketmqRemoting - closeChannel: close the connection to remote address[] result: true
2018845 [NettyClientSelector_1] INFO  RocketmqRemoting - closeChannel: close the connection to remote address[] result: true
2018855 [NettyClientSelector_1] INFO  RocketmqRemoting - closeChannel: close the connection to remote address[] result: true
2048845 [NettyClientSelector_1] INFO  RocketmqRemoting - closeChannel: close the connection to remote address[] result: true
2048852 [NettyClientSelector_1] INFO  RocketmqRemoting - closeChannel: close the connection to remote address[] result: true
2078845 [NettyClientSelector_1] INFO  RocketmqRemoting - closeChannel: close the connection to remote address[] result: true
2078855 [NettyClientSelector_1] INFO  RocketmqRemoting - closeChannel: close the connection to remote address[] result: true
2108847 [NettyClientSelector_1] INFO  RocketmqRemoting - closeChannel: close the connection to remote address[] result: true
2108856 [NettyClientSelector_1] INFO  RocketmqRemoting - closeChannel: close the connection to remote address[] result: true
2138846 [NettyClientSelector_1] INFO  RocketmqRemoting - closeChannel: close the connection to remote address[] result: true
2138852 [NettyClientSelector_1] INFO  RocketmqRemoting - closeChannel: close the connection to remote address[] result: true
2168845 [NettyClientSelector_1] INFO  RocketmqRemoting - closeChannel: close the connection to remote address[] result: true
2168856 [NettyClientSelector_1] INFO  RocketmqRemoting - closeChannel: close the connection to remote address[] result: true
2198846 [NettyClientSelector_1] INFO  RocketmqRemoting - closeChannel: close the connection to remote address[] result: true
2198853 [NettyClientSelector_1] INFO  RocketmqRemoting - closeChannel: close the connection to remote address[] result: true
2228844 [NettyClientSelector_1] INFO  RocketmqRemoting - closeChannel: close the connection to remote address[] result: true
2228856 [NettyClientSelector_1] INFO  RocketmqRemoting - closeChannel: close the connection to remote address[] result: true
2258943 [NettyClientSelector_1] INFO  RocketmqRemoting - closeChannel: close the connection to remote address[] result: true
2258949 [NettyClientSelector_1] INFO  RocketmqRemoting - closeChannel: close the connection to remote address[] result: true
2288950 [NettyClientSelector_1] INFO  RocketmqRemoting - closeChannel: close the connection to remote address[] result: true
2288959 [NettyClientSelector_1] INFO  RocketmqRemoting - closeChannel: close the connection to remote address[] result: true
2318943 [NettyClientSelector_1] INFO  RocketmqRemoting - closeChannel: close the connection to remote address[] result: true
2318951 [NettyClientSelector_1] INFO  RocketmqRemoting - closeChannel: close the connection to remote address[] result: true
2348945 [NettyClientSelector_1] INFO  RocketmqRemoting - closeChannel: close the connection to remote address[] result: true
2348953 [NettyClientSelector_1] INFO  RocketmqRemoting - closeChannel: close the connection to remote address[] result: true
2378945 [NettyClientSelector_1] INFO  RocketmqRemoting - closeChannel: close the connection to remote address[] result: true
2378957 [NettyClientSelector_1] INFO  RocketmqRemoting - closeChannel: close the connection to remote address[] result: true
2408944 [NettyClientSelector_1] INFO  RocketmqRemoting - closeChannel: close the connection to remote address[] result: true
2408954 [NettyClientSelector_1] INFO  RocketmqRemoting - closeChannel: close the connection to remote address[] result: true
2438946 [NettyClientSelector_1] INFO  RocketmqRemoting - closeChannel: close the connection to remote address[] result: true
2438952 [NettyClientSelector_1] INFO  RocketmqRemoting - closeChannel: close the connection to remote address[] result: true
2468947 [NettyClientSelector_1] INFO  RocketmqRemoting - closeChannel: close the connection to remote address[] result: true
2468955 [NettyClientSelector_1] INFO  RocketmqRemoting - closeChannel: close the connection to remote address[] result: true
2498948 [NettyClientSelector_1] INFO  RocketmqRemoting - closeChannel: close the connection to remote address[] result: true
2498956 [NettyClientSelector_1] INFO  RocketmqRemoting - closeChannel: close the connection to remote address[] result: true
2528948 [NettyClientSelector_1] INFO  RocketmqRemoting - closeChannel: close the connection to remote address[] result: true
2528962 [NettyClientSelector_1] INFO  RocketmqRemoting - closeChannel: close the connection to remote address[] result: true
2550639 [Thread-22] WARN  c.a.n.common.notify.NotifyCenter - [NotifyCenter] Start destroying Publisher
2550641 [Thread-4] WARN  c.a.n.c.http.HttpClientBeanHolder - [HttpClientBeanHolder] Start destroying common HttpClient
2550644 [Thread-22] WARN  c.a.n.common.notify.NotifyCenter - [NotifyCenter] Destruction of the end
2550682 [Thread-4] WARN  c.a.n.c.http.HttpClientBeanHolder - [HttpClientBeanHolder] Destruction of the end
2552058 [SpringContextShutdownHook] INFO  o.s.s.c.ThreadPoolTaskScheduler - Shutting down ExecutorService 'Nacos-Watch-Task-Scheduler'
2552149 [SpringContextShutdownHook] INFO  c.a.c.n.r.NacosServiceRegistry - De-registering from Nacos Server now...
2552151 [SpringContextShutdownHook] INFO  com.alibaba.nacos.client.naming - [BEAT] removing beat: DEFAULT_GROUP@@ware-service:192.168.0.120:9102 from beat map.
2552152 [SpringContextShutdownHook] INFO  com.alibaba.nacos.client.naming - [DEREGISTER-SERVICE] public deregistering service DEFAULT_GROUP@@ware-service with instance: Instance{instanceId='null', ip='192.168.0.120', port=9102, weight=1.0, healthy=true, enabled=true, ephemeral=true, clusterName='DEFAULT', serviceName='null', metadata={}}
2552159 [SpringContextShutdownHook] INFO  c.a.c.n.r.NacosServiceRegistry - De-registration finished.
2552163 [SpringContextShutdownHook] INFO  com.alibaba.nacos.client.naming - com.alibaba.nacos.client.naming.beat.BeatReactor do shutdown begin
